#
# A fatal error has been detected by the Java Runtime Environment:
#
#  EXCEPTION_ACCESS_VIOLATION (0xc0000005) at pc=0x00007fff4a301a7d, pid=14748, tid=18220
#
# JRE version: Java(TM) SE Runtime Environment (9.0+11) (build 9.0.4+11)
# Java VM: Java HotSpot(TM) 64-Bit Server VM (9.0.4+11, mixed mode, tiered, compressed oops, g1 gc, windows-amd64)
# Problematic frame:
# C  [librdi_filemgmt.dll+0x131a7d]
#
# No core dump will be written. Minidumps are not enabled by default on client versions of Windows
#
# If you would like to submit a bug report, please visit:
#   http://bugreport.java.com/bugreport/crash.jsp
# The crash happened outside the Java Virtual Machine in native code.
# See problematic frame for where to report the bug.
#

---------------  S U M M A R Y ------------

Command Line: -Dsun.java2d.pmoffscreen=false -Dsun.java2d.xrender=false -Dsun.java2d.d3d=false -Dsun.awt.nopixfmt=true -Dsun.java2d.dpiaware=true -Dsun.java2d.uiScale.enabled=false -Xverify:none -Dswing.aatext=true -XX:-UsePerfData -Djdk.map.althashing.threshold=512 -XX:StringTableSize=4072 --add-opens=java.base/java.nio=ALL-UNNAMED --add-opens=java.desktop/sun.swing=ALL-UNNAMED --add-opens=java.desktop/javax.swing=ALL-UNNAMED --add-opens=java.desktop/javax.swing.tree=ALL-UNNAMED --add-opens=java.desktop/javax.swing.plaf.basic=ALL-UNNAMED --add-opens=java.desktop/javax.swing.plaf.synth=ALL-UNNAMED --add-opens=java.desktop/com.sun.awt=ALL-UNNAMED -XX:NewSize=60m -XX:MaxNewSize=60m -Xms128m -Xmx3072m -Xss5m 

Host: Intel(R) Core(TM) i7-7660U CPU @ 2.50GHz, 4 cores, 15G,  Windows 10 , 64 bit Build 19041 (10.0.19041.928)
Time: Mon Jun 07 20:33:44 2021 ?D1¨²¡À¨º¡Á?¨º¡À?? elapsed time: 4702 seconds (0d 1h 18m 22s)

---------------  T H R E A D  ---------------

Current thread (0x000001be4b42d800):  JavaThread "AWT-EventQueue-1" [_thread_in_native, id=18220, stack(0x0000002aa1200000,0x0000002aa1700000)]

Stack: [0x0000002aa1200000,0x0000002aa1700000],  sp=0x0000002aa16f8290,  free space=5088k
Native frames: (J=compiled Java code, j=interpreted, Vv=VM code, C=native code)
C  [librdi_filemgmt.dll+0x131a7d]
C  0x000001be36af843a

Java frames: (J=compiled Java code, j=interpreted, Vv=VM code)
J 12593  ui.data.design.dai.SrcFile_isAvailable(J)Z (0 bytes) @ 0x000001be36af83a1 [0x000001be36af8360+0x0000000000000041]
J 14200 c1 ui.data.design.X.pv()Lui/c/d; (105 bytes) @ 0x000001be2fb9727c [0x000001be2fb971c0+0x00000000000000bc]
j  ui.views.cn.bs(Lui/data/bp;)Lui/c/d;+2191
j  ui.views.cn.a(Lui/data/bp;Z)Ljavax/swing/Icon;+2
j  ui.views.bA.J(Lui/data/bp;)Ljavax/swing/Icon;+6
j  ui.views.cy.getIcon()Ljavax/swing/Icon;+21
j  ui.utils.o.w.h.getIcon()Ljavax/swing/Icon;+4
J 11159 c1 javax.swing.plaf.synth.SynthLabelUI.paint(Ljavax/swing/plaf/synth/SynthContext;Ljava/awt/Graphics;)V java.desktop@9.0.4 (100 bytes) @ 0x000001be2f5fda2c [0x000001be2f5fd680+0x00000000000003ac]
J 13210 c1 javax.swing.plaf.synth.SynthLabelUI.update(Ljava/awt/Graphics;Ljavax/swing/JComponent;)V java.desktop@9.0.4 (37 bytes) @ 0x000001be2f007d14 [0x000001be2f006a80+0x0000000000001294]
J 12881 c2 javax.swing.JComponent.paintComponent(Ljava/awt/Graphics;)V java.desktop@9.0.4 (44 bytes) @ 0x000001be3630e5b8 [0x000001be3630e540+0x0000000000000078]
J 13384 c2 javax.swing.JComponent.paint(Ljava/awt/Graphics;)V java.desktop@9.0.4 (409 bytes) @ 0x000001be36609864 [0x000001be36608ee0+0x0000000000000984]
J 13947 c2 javax.swing.JComponent.paintChildren(Ljava/awt/Graphics;)V java.desktop@9.0.4 (691 bytes) @ 0x000001be36bf1b28 [0x000001be36bf1640+0x00000000000004e8]
J 13384 c2 javax.swing.JComponent.paint(Ljava/awt/Graphics;)V java.desktop@9.0.4 (409 bytes) @ 0x000001be36609890 [0x000001be36608ee0+0x00000000000009b0]
J 13947 c2 javax.swing.JComponent.paintChildren(Ljava/awt/Graphics;)V java.desktop@9.0.4 (691 bytes) @ 0x000001be36bf1b28 [0x000001be36bf1640+0x00000000000004e8]
J 13384 c2 javax.swing.JComponent.paint(Ljava/awt/Graphics;)V java.desktop@9.0.4 (409 bytes) @ 0x000001be36609890 [0x000001be36608ee0+0x00000000000009b0]
J 13947 c2 javax.swing.JComponent.paintChildren(Ljava/awt/Graphics;)V java.desktop@9.0.4 (691 bytes) @ 0x000001be36bf1b28 [0x000001be36bf1640+0x00000000000004e8]
J 13384 c2 javax.swing.JComponent.paint(Ljava/awt/Graphics;)V java.desktop@9.0.4 (409 bytes) @ 0x000001be36609890 [0x000001be36608ee0+0x00000000000009b0]
J 13947 c2 javax.swing.JComponent.paintChildren(Ljava/awt/Graphics;)V java.desktop@9.0.4 (691 bytes) @ 0x000001be36bf1b28 [0x000001be36bf1640+0x00000000000004e8]
J 13384 c2 javax.swing.JComponent.paint(Ljava/awt/Graphics;)V java.desktop@9.0.4 (409 bytes) @ 0x000001be36609890 [0x000001be36608ee0+0x00000000000009b0]
J 13947 c2 javax.swing.JComponent.paintChildren(Ljava/awt/Graphics;)V java.desktop@9.0.4 (691 bytes) @ 0x000001be36bf1b28 [0x000001be36bf1640+0x00000000000004e8]
J 13384 c2 javax.swing.JComponent.paint(Ljava/awt/Graphics;)V java.desktop@9.0.4 (409 bytes) @ 0x000001be36609890 [0x000001be36608ee0+0x00000000000009b0]
J 13947 c2 javax.swing.JComponent.paintChildren(Ljava/awt/Graphics;)V java.desktop@9.0.4 (691 bytes) @ 0x000001be36bf1b28 [0x000001be36bf1640+0x00000000000004e8]
J 13384 c2 javax.swing.JComponent.paint(Ljava/awt/Graphics;)V java.desktop@9.0.4 (409 bytes) @ 0x000001be36609890 [0x000001be36608ee0+0x00000000000009b0]
j  javax.swing.JLayeredPane.paint(Ljava/awt/Graphics;)V+73 java.desktop@9.0.4
J 13947 c2 javax.swing.JComponent.paintChildren(Ljava/awt/Graphics;)V java.desktop@9.0.4 (691 bytes) @ 0x000001be36bf1b28 [0x000001be36bf1640+0x00000000000004e8]
J 13384 c2 javax.swing.JComponent.paint(Ljava/awt/Graphics;)V java.desktop@9.0.4 (409 bytes) @ 0x000001be36609890 [0x000001be36608ee0+0x00000000000009b0]
J 13947 c2 javax.swing.JComponent.paintChildren(Ljava/awt/Graphics;)V java.desktop@9.0.4 (691 bytes) @ 0x000001be36bf1b28 [0x000001be36bf1640+0x00000000000004e8]
J 13384 c2 javax.swing.JComponent.paint(Ljava/awt/Graphics;)V java.desktop@9.0.4 (409 bytes) @ 0x000001be36609890 [0x000001be36608ee0+0x00000000000009b0]
J 13947 c2 javax.swing.JComponent.paintChildren(Ljava/awt/Graphics;)V java.desktop@9.0.4 (691 bytes) @ 0x000001be36bf1b28 [0x000001be36bf1640+0x00000000000004e8]
J 13384 c2 javax.swing.JComponent.paint(Ljava/awt/Graphics;)V java.desktop@9.0.4 (409 bytes) @ 0x000001be36609890 [0x000001be36608ee0+0x00000000000009b0]
J 13947 c2 javax.swing.JComponent.paintChildren(Ljava/awt/Graphics;)V java.desktop@9.0.4 (691 bytes) @ 0x000001be36bf1b28 [0x000001be36bf1640+0x00000000000004e8]
J 13384 c2 javax.swing.JComponent.paint(Ljava/awt/Graphics;)V java.desktop@9.0.4 (409 bytes) @ 0x000001be36609890 [0x000001be36608ee0+0x00000000000009b0]
J 13947 c2 javax.swing.JComponent.paintChildren(Ljava/awt/Graphics;)V java.desktop@9.0.4 (691 bytes) @ 0x000001be36bf1b28 [0x000001be36bf1640+0x00000000000004e8]
J 13384 c2 javax.swing.JComponent.paint(Ljava/awt/Graphics;)V java.desktop@9.0.4 (409 bytes) @ 0x000001be36609890 [0x000001be36608ee0+0x00000000000009b0]
J 13947 c2 javax.swing.JComponent.paintChildren(Ljava/awt/Graphics;)V java.desktop@9.0.4 (691 bytes) @ 0x000001be36bf1b28 [0x000001be36bf1640+0x00000000000004e8]
J 13384 c2 javax.swing.JComponent.paint(Ljava/awt/Graphics;)V java.desktop@9.0.4 (409 bytes) @ 0x000001be36609890 [0x000001be36608ee0+0x00000000000009b0]
J 13947 c2 javax.swing.JComponent.paintChildren(Ljava/awt/Graphics;)V java.desktop@9.0.4 (691 bytes) @ 0x000001be36bf1b28 [0x000001be36bf1640+0x00000000000004e8]
J 13384 c2 javax.swing.JComponent.paint(Ljava/awt/Graphics;)V java.desktop@9.0.4 (409 bytes) @ 0x000001be36609890 [0x000001be36608ee0+0x00000000000009b0]
J 13947 c2 javax.swing.JComponent.paintChildren(Ljava/awt/Graphics;)V java.desktop@9.0.4 (691 bytes) @ 0x000001be36bf1b28 [0x000001be36bf1640+0x00000000000004e8]
J 13384 c2 javax.swing.JComponent.paint(Ljava/awt/Graphics;)V java.desktop@9.0.4 (409 bytes) @ 0x000001be36609890 [0x000001be36608ee0+0x00000000000009b0]
J 13947 c2 javax.swing.JComponent.paintChildren(Ljava/awt/Graphics;)V java.desktop@9.0.4 (691 bytes) @ 0x000001be36bf1b28 [0x000001be36bf1640+0x00000000000004e8]
J 13384 c2 javax.swing.JComponent.paint(Ljava/awt/Graphics;)V java.desktop@9.0.4 (409 bytes) @ 0x000001be36609890 [0x000001be36608ee0+0x00000000000009b0]
J 13947 c2 javax.swing.JComponent.paintChildren(Ljava/awt/Graphics;)V java.desktop@9.0.4 (691 bytes) @ 0x000001be36bf1b28 [0x000001be36bf1640+0x00000000000004e8]
J 13384 c2 javax.swing.JComponent.paint(Ljava/awt/Graphics;)V java.desktop@9.0.4 (409 bytes) @ 0x000001be36609890 [0x000001be36608ee0+0x00000000000009b0]
J 13947 c2 javax.swing.JComponent.paintChildren(Ljava/awt/Graphics;)V java.desktop@9.0.4 (691 bytes) @ 0x000001be36bf1b28 [0x000001be36bf1640+0x00000000000004e8]
J 13384 c2 javax.swing.JComponent.paint(Ljava/awt/Graphics;)V java.desktop@9.0.4 (409 bytes) @ 0x000001be36609890 [0x000001be36608ee0+0x00000000000009b0]
J 13947 c2 javax.swing.JComponent.paintChildren(Ljava/awt/Graphics;)V java.desktop@9.0.4 (691 bytes) @ 0x000001be36bf1b28 [0x000001be36bf1640+0x00000000000004e8]
J 13384 c2 javax.swing.JComponent.paint(Ljava/awt/Graphics;)V java.desktop@9.0.4 (409 bytes) @ 0x000001be36609890 [0x000001be36608ee0+0x00000000000009b0]
J 13947 c2 javax.swing.JComponent.paintChildren(Ljava/awt/Graphics;)V java.desktop@9.0.4 (691 bytes) @ 0x000001be36bf1b28 [0x000001be36bf1640+0x00000000000004e8]
J 13384 c2 javax.swing.JComponent.paint(Ljava/awt/Graphics;)V java.desktop@9.0.4 (409 bytes) @ 0x000001be36609890 [0x000001be36608ee0+0x00000000000009b0]
J 13947 c2 javax.swing.JComponent.paintChildren(Ljava/awt/Graphics;)V java.desktop@9.0.4 (691 bytes) @ 0x000001be36bf1b28 [0x000001be36bf1640+0x00000000000004e8]
J 13384 c2 javax.swing.JComponent.paint(Ljava/awt/Graphics;)V java.desktop@9.0.4 (409 bytes) @ 0x000001be36609890 [0x000001be36608ee0+0x00000000000009b0]
J 13947 c2 javax.swing.JComponent.paintChildren(Ljava/awt/Graphics;)V java.desktop@9.0.4 (691 bytes) @ 0x000001be36bf1b28 [0x000001be36bf1640+0x00000000000004e8]
J 13384 c2 javax.swing.JComponent.paint(Ljava/awt/Graphics;)V java.desktop@9.0.4 (409 bytes) @ 0x000001be36609890 [0x000001be36608ee0+0x00000000000009b0]
J 13947 c2 javax.swing.JComponent.paintChildren(Ljava/awt/Graphics;)V java.desktop@9.0.4 (691 bytes) @ 0x000001be36bf1b28 [0x000001be36bf1640+0x00000000000004e8]
J 13384 c2 javax.swing.JComponent.paint(Ljava/awt/Graphics;)V java.desktop@9.0.4 (409 bytes) @ 0x000001be36609890 [0x000001be36608ee0+0x00000000000009b0]
J 13947 c2 javax.swing.JComponent.paintChildren(Ljava/awt/Graphics;)V java.desktop@9.0.4 (691 bytes) @ 0x000001be36bf1b28 [0x000001be36bf1640+0x00000000000004e8]
J 13384 c2 javax.swing.JComponent.paint(Ljava/awt/Graphics;)V java.desktop@9.0.4 (409 bytes) @ 0x000001be36609890 [0x000001be36608ee0+0x00000000000009b0]
J 13947 c2 javax.swing.JComponent.paintChildren(Ljava/awt/Graphics;)V java.desktop@9.0.4 (691 bytes) @ 0x000001be36bf1b28 [0x000001be36bf1640+0x00000000000004e8]
J 13384 c2 javax.swing.JComponent.paint(Ljava/awt/Graphics;)V java.desktop@9.0.4 (409 bytes) @ 0x000001be36609890 [0x000001be36608ee0+0x00000000000009b0]
J 13947 c2 javax.swing.JComponent.paintChildren(Ljava/awt/Graphics;)V java.desktop@9.0.4 (691 bytes) @ 0x000001be36bf1b28 [0x000001be36bf1640+0x00000000000004e8]
J 13384 c2 javax.swing.JComponent.paint(Ljava/awt/Graphics;)V java.desktop@9.0.4 (409 bytes) @ 0x000001be36609890 [0x000001be36608ee0+0x00000000000009b0]
J 13947 c2 javax.swing.JComponent.paintChildren(Ljava/awt/Graphics;)V java.desktop@9.0.4 (691 bytes) @ 0x000001be36bf1b28 [0x000001be36bf1640+0x00000000000004e8]
J 13384 c2 javax.swing.JComponent.paint(Ljava/awt/Graphics;)V java.desktop@9.0.4 (409 bytes) @ 0x000001be36609890 [0x000001be36608ee0+0x00000000000009b0]
J 13604 c1 javax.swing.JComponent.paintToOffscreen(Ljava/awt/Graphics;IIIIII)V java.desktop@9.0.4 (108 bytes) @ 0x000001be2f30e224 [0x000001be2f30dee0+0x0000000000000344]
J 13889 c1 javax.swing.RepaintManager$PaintManager.paintDoubleBufferedImpl(Ljavax/swing/JComponent;Ljava/awt/Image;Ljava/awt/Graphics;IIII)V java.desktop@9.0.4 (294 bytes) @ 0x000001be2f84f3e4 [0x000001be2f84ecc0+0x0000000000000724]
J 13595 c1 javax.swing.RepaintManager$PaintManager.paintDoubleBuffered(Ljavax/swing/JComponent;Ljava/awt/Image;Ljava/awt/Graphics;IIII)V java.desktop@9.0.4 (50 bytes) @ 0x000001be2f24ec04 [0x000001be2f24e980+0x0000000000000284]
J 13217 c1 javax.swing.RepaintManager$PaintManager.paint(Ljavax/swing/JComponent;Ljavax/swing/JComponent;Ljava/awt/Graphics;IIII)Z java.desktop@9.0.4 (201 bytes) @ 0x000001be2f0236f4 [0x000001be2f022a00+0x0000000000000cf4]
J 13224 c1 javax.swing.RepaintManager.paint(Ljavax/swing/JComponent;Ljavax/swing/JComponent;Ljava/awt/Graphics;IIII)V java.desktop@9.0.4 (93 bytes) @ 0x000001be2efc5464 [0x000001be2efc4fa0+0x00000000000004c4]
J 13357 c1 javax.swing.JComponent._paintImmediately(IIII)V java.desktop@9.0.4 (891 bytes) @ 0x000001be2f1f0cbc [0x000001be2f1ed800+0x00000000000034bc]
J 13068 c1 javax.swing.JComponent.paintImmediately(IIII)V java.desktop@9.0.4 (155 bytes) @ 0x000001be2edcf26c [0x000001be2edce480+0x0000000000000dec]
J 13478 c1 javax.swing.RepaintManager$4.run()Ljava/lang/Void; java.desktop@9.0.4 (278 bytes) @ 0x000001be2f29be6c [0x000001be2f29b7c0+0x00000000000006ac]
J 13061 c1 javax.swing.RepaintManager$4.run()Ljava/lang/Object; java.desktop@9.0.4 (5 bytes) @ 0x000001be2ece8ec4 [0x000001be2ece8e40+0x0000000000000084]
v  ~StubRoutines::call_stub
J 2978  java.security.AccessController.doPrivileged(Ljava/security/PrivilegedAction;Ljava/security/AccessControlContext;)Ljava/lang/Object; java.base@9.0.4 (0 bytes) @ 0x000001be362725c6 [0x000001be36272560+0x0000000000000066]
J 12447 c1 javax.swing.RepaintManager.paintDirtyRegions(Ljava/util/Map;)V java.desktop@9.0.4 (196 bytes) @ 0x000001be309ae174 [0x000001be309acb00+0x0000000000001674]
J 12446 c1 javax.swing.RepaintManager.paintDirtyRegions()V java.desktop@9.0.4 (50 bytes) @ 0x000001be309b0904 [0x000001be309b0660+0x00000000000002a4]
J 12445 c1 javax.swing.RepaintManager.prePaintDirtyRegions()V java.desktop@9.0.4 (91 bytes) @ 0x000001be309afeec [0x000001be309af8e0+0x000000000000060c]
J 12156 c1 javax.swing.RepaintManager$ProcessingRunnable.run()V java.desktop@9.0.4 (41 bytes) @ 0x000001be308fb544 [0x000001be308fb300+0x0000000000000244]
J 11961 c2 java.awt.EventQueue$3.run()Ljava/lang/Object; java.desktop@9.0.4 (5 bytes) @ 0x000001be36a02b24 [0x000001be36a02a20+0x0000000000000104]
v  ~StubRoutines::call_stub
J 2978  java.security.AccessController.doPrivileged(Ljava/security/PrivilegedAction;Ljava/security/AccessControlContext;)Ljava/lang/Object; java.base@9.0.4 (0 bytes) @ 0x000001be362725c6 [0x000001be36272560+0x0000000000000066]
J 11956 c2 ui.frmwork.b.d.dispatchEvent(Ljava/awt/AWTEvent;)V (34 bytes) @ 0x000001be369fb03c [0x000001be369fad20+0x000000000000031c]
J 11959 c2 java.awt.EventDispatchThread.pumpOneEventForFilters(I)V java.desktop@9.0.4 (218 bytes) @ 0x000001be36a00478 [0x000001be36a001e0+0x0000000000000298]
J 12837% c2 java.awt.EventDispatchThread.pumpEventsForFilter(ILjava/awt/Conditional;Ljava/awt/EventFilter;)V java.desktop@9.0.4 (47 bytes) @ 0x000001be3621a6c0 [0x000001be3621a5c0+0x0000000000000100]
j  java.awt.EventDispatchThread.pumpEventsForHierarchy(ILjava/awt/Conditional;Ljava/awt/Component;)V+11 java.desktop@9.0.4
j  java.awt.EventDispatchThread.pumpEvents(ILjava/awt/Conditional;)V+4 java.desktop@9.0.4
j  java.awt.EventDispatchThread.pumpEvents(Ljava/awt/Conditional;)V+3 java.desktop@9.0.4
j  java.awt.EventDispatchThread.run()V+9 java.desktop@9.0.4
v  ~StubRoutines::call_stub

siginfo: EXCEPTION_ACCESS_VIOLATION (0xc0000005), reading address 0x000001a00000007e


Register to memory mapping:

RIP=0x00007fff4a301a7d librdi_filemgmt.dll
RAX=0x000001a000000026 is an unknown value
RBX={method} {0x000001be4db995f8} 'pv' '()Lui/c/d;' in 'ui/data/design/X'
RCX=0x000001be26bfddc0 is an unknown value
RDX=0x0000002aa16f83a0 is pointing into the stack for thread: 0x000001be4b42d800
RSP=0x0000002aa16f8290 is pointing into the stack for thread: 0x000001be4b42d800
RBP=0x0000002aa16f83b0 is pointing into the stack for thread: 0x000001be4b42d800
RSI=0x000001be26bfddc0 is an unknown value
RDI=0x000001be5497dd90 is pointing into metadata
R8 =0x000001be26bfddc0 is an unknown value
R9 =0x0000000702268988 is an oop
java.lang.Class 
{0x0000000702268988} - klass: 'java/lang/Class'
R10=0x00007fff4a301a50 librdi_filemgmt.dll
R11=0x000001be2fb971e0 is at entry_point+32 in (nmethod*)0x000001be2fb96d10
R12=0x0000000000000000 is an unknown value
R13=0x0000002aa16f8498 is pointing into the stack for thread: 0x000001be4b42d800
R14=0x0000002aa16f83a0 is pointing into the stack for thread: 0x000001be4b42d800
R15=0x000001be4b42d800 is a thread


Registers:
RAX=0x000001a000000026, RBX=0x000001be4db995f0, RCX=0x000001be26bfddc0, RDX=0x0000002aa16f83a0
RSP=0x0000002aa16f8290, RBP=0x0000002aa16f83b0, RSI=0x000001be26bfddc0, RDI=0x000001be5497dd90
R8 =0x000001be26bfddc0, R9 =0x0000000702268988, R10=0x00007fff4a301a50, R11=0x000001be2fb971e0
R12=0x0000000000000000, R13=0x0000002aa16f8498, R14=0x0000002aa16f83a0, R15=0x000001be4b42d800
RIP=0x00007fff4a301a7d, EFLAGS=0x0000000000010202

Top of Stack: (sp=0x0000002aa16f8290)
0x0000002aa16f8290:   0000000000000000 0000000701151790
0x0000002aa16f82a0:   000001be4a2fbeb0 0000000000000000
0x0000002aa16f82b0:   000001be4b42da18 fffffffffffffffe
0x0000002aa16f82c0:   000001be2e63b1e0 00000007024709b0
0x0000002aa16f82d0:   0000000000000015 0000000000000000
0x0000002aa16f82e0:   0000002a42000000 000001be437c0000
0x0000002aa16f82f0:   0000000707036bf0 00000007024709b0
0x0000002aa16f8300:   0000000000000000 00000007437c0000
0x0000002aa16f8310:   0000002aa16f8310 000001be4a2fbb9e
0x0000002aa16f8320:   0000002aa16f83a8 000001be4a2fd998
0x0000002aa16f8330:   0000000000000000 000073683aa56ff8
0x0000002aa16f8340:   000001be4a2fbbf8 000001be36af843a
0x0000002aa16f8350:   0000002aa16f8388 0000002aa16f83f8
0x0000002aa16f8360:   000001be2e63b603 0000000000000000
0x0000002aa16f8370:   0000000000000000 0000000000000000
0x0000002aa16f8380:   00000007024709b0 0000001642000000 

Instructions: (pc=0x00007fff4a301a7d)
0x00007fff4a301a5d:   ff ff ff 48 8b 05 f9 99 49 00 48 33 c4 48 89 84
0x00007fff4a301a6d:   24 a8 00 00 00 48 89 4c 24 20 49 8b 00 49 8b c8
0x00007fff4a301a7d:   ff 50 58 90 eb 02 32 c0 48 8b 8c 24 a8 00 00 00
0x00007fff4a301a8d:   48 33 cc e8 8b a1 18 00 48 81 c4 b8 00 00 00 c3 



---------------  P R O C E S S  ---------------

Java Threads: ( => current thread )
  0x000001be4bf1e800 JavaThread "Image Fetcher 3" daemon [_thread_blocked, id=9724, stack(0x0000002aa4f00000,0x0000002aa5400000)]
  0x000001be4bf17000 JavaThread "Swing-Shell" daemon [_thread_blocked, id=19144, stack(0x0000002aa1c00000,0x0000002aa2100000)]
  0x000001be4bf19000 JavaThread "hw_ila_monitor" [_thread_blocked, id=16204, stack(0x0000002aa0300000,0x0000002aa0800000)]
  0x000001be25536800 JavaThread "Update Runs Swing Worker" [_thread_blocked, id=6824, stack(0x0000002aa3f00000,0x0000002aa4400000)]
  0x000001be25534000 JavaThread "Refresh Filesets Swing Worker" [_thread_blocked, id=6212, stack(0x0000002aa3a00000,0x0000002aa3f00000)]
  0x000001be25535800 JavaThread "SyntheticaAnimation 70" daemon [_thread_blocked, id=18396, stack(0x0000002aa2600000,0x0000002aa2b00000)]
  0x000001be25532000 JavaThread "SyntheticaAnimation 25" daemon [_thread_blocked, id=12512, stack(0x0000002aa2100000,0x0000002aa2600000)]
  0x000001be25533800 JavaThread "SyntheticaAnimation 50" daemon [_thread_blocked, id=9608, stack(0x0000002aa3500000,0x0000002aa3a00000)]
  0x000001be25537000 JavaThread "Monitor HEventQueue" [_thread_blocked, id=17160, stack(0x0000002aa3000000,0x0000002aa3500000)]
  0x000001be25538000 JavaThread "Batik CleanerThread" daemon [_thread_blocked, id=4032, stack(0x0000002aa2b00000,0x0000002aa3000000)]
  0x000001be25531000 JavaThread "SyntheticaCleanerThread" daemon [_thread_blocked, id=4168, stack(0x0000002aa1700000,0x0000002aa1c00000)]
=>0x000001be4b42d800 JavaThread "AWT-EventQueue-1" [_thread_in_native, id=18220, stack(0x0000002aa1200000,0x0000002aa1700000)]
  0x000001be4b42d000 JavaThread "AWT-Shutdown" [_thread_blocked, id=1436, stack(0x0000002aa0d00000,0x0000002aa1200000)]
  0x000001be47fef800 JavaThread "Process Messages" [_thread_blocked, id=496, stack(0x0000002a9f400000,0x0000002a9f900000)]
  0x000001be4798f000 JavaThread "Thread-1" [_thread_in_native, id=9492, stack(0x0000002a9a500000,0x0000002a9b900000)]
  0x000001be47d7f800 JavaThread "TimerQueue" daemon [_thread_blocked, id=15952, stack(0x0000002a9fe00000,0x0000002aa0300000)]
  0x000001be2630c000 JavaThread "AWT-Windows" daemon [_thread_in_native, id=388, stack(0x0000002a9f900000,0x0000002a9fe00000)]
  0x000001be47f49000 JavaThread "Java2D Disposer" daemon [_thread_blocked, id=17380, stack(0x0000002a9ef00000,0x0000002a9f400000)]
  0x000001be26f6e000 JavaThread "Service Thread" daemon [_thread_blocked, id=16944, stack(0x0000002a9e900000,0x0000002a9ee00000)]
  0x000001be2597b800 JavaThread "Common-Cleaner" daemon [_thread_blocked, id=3780, stack(0x0000002a9e400000,0x0000002a9e900000)]
  0x000001be25535000 JavaThread "Sweeper thread" daemon [_thread_blocked, id=16464, stack(0x0000002a9df00000,0x0000002a9e400000)]
  0x000001be23b3e000 JavaThread "C1 CompilerThread2" daemon [_thread_blocked, id=9988, stack(0x0000002a9de00000,0x0000002a9df00000)]
  0x000001be26df9800 JavaThread "C2 CompilerThread1" daemon [_thread_blocked, id=11916, stack(0x0000002a9dd00000,0x0000002a9de00000)]
  0x000001be2500d800 JavaThread "C2 CompilerThread0" daemon [_thread_blocked, id=10712, stack(0x0000002a9dc00000,0x0000002a9dd00000)]
  0x000001be23b3d800 JavaThread "Attach Listener" daemon [_thread_blocked, id=6136, stack(0x0000002a9d700000,0x0000002a9dc00000)]
  0x000001be213c4800 JavaThread "Signal Dispatcher" daemon [_thread_blocked, id=8216, stack(0x0000002a9d200000,0x0000002a9d700000)]
  0x000001be2360c000 JavaThread "Finalizer" daemon [_thread_blocked, id=11668, stack(0x0000002a9cd00000,0x0000002a9d200000)]
  0x000001be25960800 JavaThread "Reference Handler" daemon [_thread_blocked, id=7220, stack(0x0000002a9c800000,0x0000002a9cd00000)]
  0x000001be248d9000 JavaThread "main" [_thread_blocked, id=2880, stack(0x0000002a9a400000,0x0000002a9a500000)]

Other Threads:
  0x000001be23750800 VMThread "VM Thread" [stack: 0x0000002a9c700000,0x0000002a9c800000] [id=15852]
  0x000001be2533d800 WatcherThread [stack: 0x0000002a9ee00000,0x0000002a9ef00000] [id=14844]
  0x000001be1d768800 GCTaskThread "GC Thread#0" [stack: 0x0000002a9bc00000,0x0000002a9bd00000] [id=17760]
  0x000001be23c06000 GCTaskThread "GC Thread#1" [stack: 0x0000002a9bd00000,0x0000002a9be00000] [id=7112]
  0x000001be237ff800 GCTaskThread "GC Thread#2" [stack: 0x0000002a9be00000,0x0000002a9bf00000] [id=17704]
  0x000001be23800000 GCTaskThread "GC Thread#3" [stack: 0x0000002a9bf00000,0x0000002a9c000000] [id=3496]
  0x000001be25e94800 ConcurrentGCThread "G1 Main Marker" [stack: 0x0000002a9c500000,0x0000002a9c600000] [id=18156]
  0x000001be25119800 ConcurrentGCThread "G1 Marker#0" [stack: 0x0000002a9c600000,0x0000002a9c700000] [id=4508]
  0x000001be2439e800 ConcurrentGCThread "G1 Refine#0" [stack: 0x0000002a9c300000,0x0000002a9c400000] [id=8312]
  0x000001be25530800 ConcurrentGCThread "G1 Refine#1" [stack: 0x0000002a9c200000,0x0000002a9c300000] [id=1816]
  0x000001be24938000 ConcurrentGCThread "G1 Refine#2" [stack: 0x0000002a9c100000,0x0000002a9c200000] [id=1356]
  0x000001be24937800 ConcurrentGCThread "G1 Refine#3" [stack: 0x0000002a9c000000,0x0000002a9c100000] [id=17340]
  0x000001be243fd800 ConcurrentGCThread "G1 Young RemSet Sampling" [stack: 0x0000002a9c400000,0x0000002a9c500000] [id=1240]

Threads with active compile tasks:

VM state:not at safepoint (normal execution)

VM Mutex/Monitor currently owned by a thread: None

Heap address: 0x0000000700000000, size: 3072 MB, Compressed Oops mode: Zero based, Oop shift amount: 3
Narrow klass base: 0x0000000000000000, Narrow klass shift: 3
Compressed class space size: 1073741824 Address: 0x00000007c0000000

Heap:
 garbage-first heap   total 157696K, used 119601K [0x0000000700000000, 0x00000007001004d0, 0x00000007c0000000)
  region size 1024K, 46 young (47104K), 4 survivors (4096K)
 Metaspace       used 69766K, capacity 72602K, committed 74140K, reserved 1114112K
  class space    used 9560K, capacity 10111K, committed 10396K, reserved 1048576K
Heap Regions: E=young(eden), S=young(survivor), O=old, HS=humongous(starts), HC=humongous(continues), CS=collection set, F=free, A=archive, TS=gc time stamp, AC=allocation context, TAMS=top-at-mark-start (previous, next)
|   0|0x0000000700000000, 0x00000007000e9570, 0x0000000700100000| 91%| O|  |TS  0|AC  0|TAMS 0x00000007000e9570, 0x00000007000e9570|
|   1|0x0000000700100000, 0x0000000700200000, 0x0000000700200000|100%|HS|  |TS  0|AC  0|TAMS 0x0000000700200000, 0x0000000700200000|
|   2|0x0000000700200000, 0x0000000700300000, 0x0000000700300000|100%|HC|  |TS  0|AC  0|TAMS 0x0000000700300000, 0x0000000700300000|
|   3|0x0000000700300000, 0x0000000700400000, 0x0000000700400000|100%|HS|  |TS  0|AC  0|TAMS 0x0000000700400000, 0x0000000700400000|
|   4|0x0000000700400000, 0x00000007004ffb60, 0x0000000700500000| 99%| O|  |TS  0|AC  0|TAMS 0x00000007004ffb60, 0x00000007004ffb60|
|   5|0x0000000700500000, 0x00000007005fffe0, 0x0000000700600000| 99%| O|  |TS  0|AC  0|TAMS 0x00000007005fffe0, 0x00000007005fffe0|
|   6|0x0000000700600000, 0x00000007006ffff8, 0x0000000700700000| 99%| O|  |TS  0|AC  0|TAMS 0x00000007006ffff8, 0x00000007006ffff8|
|   7|0x0000000700700000, 0x00000007007fffc0, 0x0000000700800000| 99%| O|  |TS  0|AC  0|TAMS 0x00000007007fffc0, 0x00000007007fffc0|
|   8|0x0000000700800000, 0x00000007008fffa8, 0x0000000700900000| 99%| O|  |TS  0|AC  0|TAMS 0x00000007008fffa8, 0x00000007008fffa8|
|   9|0x0000000700900000, 0x00000007009f0c98, 0x0000000700a00000| 94%| O|  |TS  0|AC  0|TAMS 0x00000007009f0c98, 0x00000007009f0c98|
|  10|0x0000000700a00000, 0x0000000700afffc0, 0x0000000700b00000| 99%| O|  |TS  0|AC  0|TAMS 0x0000000700afffc0, 0x0000000700afffc0|
|  11|0x0000000700b00000, 0x0000000700c00000, 0x0000000700c00000|100%|HS|  |TS  0|AC  0|TAMS 0x0000000700c00000, 0x0000000700c00000|
|  12|0x0000000700c00000, 0x0000000700d00000, 0x0000000700d00000|100%|HC|  |TS  0|AC  0|TAMS 0x0000000700d00000, 0x0000000700d00000|
|  13|0x0000000700d00000, 0x0000000700de5418, 0x0000000700e00000| 89%| O|  |TS  0|AC  0|TAMS 0x0000000700de5418, 0x0000000700de5418|
|  14|0x0000000700e00000, 0x0000000700ef8e48, 0x0000000700f00000| 97%| O|  |TS  0|AC  0|TAMS 0x0000000700ef8e48, 0x0000000700ef8e48|
|  15|0x0000000700f00000, 0x0000000701000000, 0x0000000701000000|100%| O|  |TS  0|AC  0|TAMS 0x0000000701000000, 0x0000000701000000|
|  16|0x0000000701000000, 0x00000007010fffe0, 0x0000000701100000| 99%| O|  |TS  0|AC  0|TAMS 0x00000007010fffe0, 0x00000007010fffe0|
|  17|0x0000000701100000, 0x00000007011fffe8, 0x0000000701200000| 99%| O|  |TS  0|AC  0|TAMS 0x00000007011fffe8, 0x00000007011fffe8|
|  18|0x0000000701200000, 0x00000007012fffe8, 0x0000000701300000| 99%| O|  |TS  0|AC  0|TAMS 0x00000007012fffe8, 0x00000007012fffe8|
|  19|0x0000000701300000, 0x0000000701400000, 0x0000000701400000|100%| O|  |TS  0|AC  0|TAMS 0x0000000701400000, 0x0000000701400000|
|  20|0x0000000701400000, 0x0000000701500000, 0x0000000701500000|100%|HS|  |TS  0|AC  0|TAMS 0x0000000701500000, 0x0000000701500000|
|  21|0x0000000701500000, 0x0000000701600000, 0x0000000701600000|100%|HC|  |TS  0|AC  0|TAMS 0x0000000701600000, 0x0000000701600000|
|  22|0x0000000701600000, 0x00000007016fffd8, 0x0000000701700000| 99%| O|  |TS  0|AC  0|TAMS 0x00000007016fffd8, 0x00000007016fffd8|
|  23|0x0000000701700000, 0x00000007017ffff0, 0x0000000701800000| 99%| O|  |TS  0|AC  0|TAMS 0x00000007017ffff0, 0x00000007017ffff0|
|  24|0x0000000701800000, 0x00000007018ffff8, 0x0000000701900000| 99%| O|  |TS  0|AC  0|TAMS 0x00000007018ffff8, 0x00000007018ffff8|
|  25|0x0000000701900000, 0x00000007019fffc0, 0x0000000701a00000| 99%| O|  |TS  0|AC  0|TAMS 0x00000007019fffc0, 0x00000007019fffc0|
|  26|0x0000000701a00000, 0x0000000701affff8, 0x0000000701b00000| 99%| O|  |TS  0|AC  0|TAMS 0x0000000701affff8, 0x0000000701affff8|
|  27|0x0000000701b00000, 0x0000000701bfffd8, 0x0000000701c00000| 99%| O|  |TS  0|AC  0|TAMS 0x0000000701bfffd8, 0x0000000701bfffd8|
|  28|0x0000000701c00000, 0x0000000701cfff40, 0x0000000701d00000| 99%| O|  |TS  0|AC  0|TAMS 0x0000000701cfff40, 0x0000000701cfff40|
|  29|0x0000000701d00000, 0x0000000701dfffe8, 0x0000000701e00000| 99%| O|  |TS  0|AC  0|TAMS 0x0000000701dfffe8, 0x0000000701dfffe8|
|  30|0x0000000701e00000, 0x0000000701eff840, 0x0000000701f00000| 99%| O|  |TS  0|AC  0|TAMS 0x0000000701eff840, 0x0000000701eff840|
|  31|0x0000000701f00000, 0x0000000701ffffd8, 0x0000000702000000| 99%| O|  |TS  0|AC  0|TAMS 0x0000000701ffffd8, 0x0000000701ffffd8|
|  32|0x0000000702000000, 0x00000007020ffff8, 0x0000000702100000| 99%| O|  |TS  0|AC  0|TAMS 0x00000007020ffff8, 0x00000007020ffff8|
|  33|0x0000000702100000, 0x00000007021fffe8, 0x0000000702200000| 99%| O|  |TS  0|AC  0|TAMS 0x00000007021fffe8, 0x00000007021fffe8|
|  34|0x0000000702200000, 0x00000007022ffd48, 0x0000000702300000| 99%| O|  |TS  0|AC  0|TAMS 0x00000007022ffd48, 0x00000007022ffd48|
|  35|0x0000000702300000, 0x00000007023fff98, 0x0000000702400000| 99%| O|  |TS  0|AC  0|TAMS 0x00000007023fff98, 0x00000007023fff98|
|  36|0x0000000702400000, 0x00000007024ffff8, 0x0000000702500000| 99%| O|  |TS  0|AC  0|TAMS 0x00000007024ffff8, 0x00000007024ffff8|
|  37|0x0000000702500000, 0x00000007025ffff0, 0x0000000702600000| 99%| O|  |TS  0|AC  0|TAMS 0x00000007025ffff0, 0x00000007025ffff0|
|  38|0x0000000702600000, 0x00000007026fff08, 0x0000000702700000| 99%| O|  |TS  0|AC  0|TAMS 0x00000007026fff08, 0x00000007026fff08|
|  39|0x0000000702700000, 0x0000000702800000, 0x0000000702800000|100%|HS|  |TS  0|AC  0|TAMS 0x0000000702800000, 0x0000000702800000|
|  40|0x0000000702800000, 0x0000000702900000, 0x0000000702900000|100%|HS|  |TS  0|AC  0|TAMS 0x0000000702900000, 0x0000000702900000|
|  41|0x0000000702900000, 0x00000007029ffff0, 0x0000000702a00000| 99%| O|  |TS  0|AC  0|TAMS 0x00000007029ffff0, 0x00000007029ffff0|
|  42|0x0000000702a00000, 0x0000000702af8e08, 0x0000000702b00000| 97%| O|  |TS  0|AC  0|TAMS 0x0000000702af8e08, 0x0000000702af8e08|
|  43|0x0000000702b00000, 0x0000000702bfffe0, 0x0000000702c00000| 99%| O|  |TS  0|AC  0|TAMS 0x0000000702bfffe0, 0x0000000702bfffe0|
|  44|0x0000000702c00000, 0x0000000702d00000, 0x0000000702d00000|100%| O|  |TS  0|AC  0|TAMS 0x0000000702d00000, 0x0000000702d00000|
|  45|0x0000000702d00000, 0x0000000702e00000, 0x0000000702e00000|100%|HS|  |TS  0|AC  0|TAMS 0x0000000702e00000, 0x0000000702e00000|
|  46|0x0000000702e00000, 0x0000000702f00000, 0x0000000702f00000|100%|HC|  |TS  0|AC  0|TAMS 0x0000000702f00000, 0x0000000702f00000|
|  47|0x0000000702f00000, 0x0000000703000000, 0x0000000703000000|100%|HC|  |TS  0|AC  0|TAMS 0x0000000703000000, 0x0000000703000000|
|  48|0x0000000703000000, 0x0000000703100000, 0x0000000703100000|100%|HC|  |TS  0|AC  0|TAMS 0x0000000703100000, 0x0000000703100000|
|  49|0x0000000703100000, 0x0000000703200000, 0x0000000703200000|100%|HC|  |TS  0|AC  0|TAMS 0x0000000703200000, 0x0000000703200000|
|  50|0x0000000703200000, 0x0000000703300000, 0x0000000703300000|100%|HC|  |TS  0|AC  0|TAMS 0x0000000703300000, 0x0000000703300000|
|  51|0x0000000703300000, 0x0000000703400000, 0x0000000703400000|100%|HC|  |TS  0|AC  0|TAMS 0x0000000703400000, 0x0000000703400000|
|  52|0x0000000703400000, 0x0000000703500000, 0x0000000703500000|100%|HC|  |TS  0|AC  0|TAMS 0x0000000703500000, 0x0000000703500000|
|  53|0x0000000703500000, 0x0000000703600000, 0x0000000703600000|100%|HC|  |TS  0|AC  0|TAMS 0x0000000703600000, 0x0000000703600000|
|  54|0x0000000703600000, 0x0000000703700000, 0x0000000703700000|100%|HC|  |TS  0|AC  0|TAMS 0x0000000703700000, 0x0000000703700000|
|  55|0x0000000703700000, 0x0000000703800000, 0x0000000703800000|100%|HC|  |TS  0|AC  0|TAMS 0x0000000703800000, 0x0000000703800000|
|  56|0x0000000703800000, 0x0000000703900000, 0x0000000703900000|100%|HC|  |TS  0|AC  0|TAMS 0x0000000703900000, 0x0000000703900000|
|  57|0x0000000703900000, 0x0000000703a00000, 0x0000000703a00000|100%|HC|  |TS  0|AC  0|TAMS 0x0000000703a00000, 0x0000000703a00000|
|  58|0x0000000703a00000, 0x0000000703b00000, 0x0000000703b00000|100%|HC|  |TS  0|AC  0|TAMS 0x0000000703b00000, 0x0000000703b00000|
|  59|0x0000000703b00000, 0x0000000703c00000, 0x0000000703c00000|100%|HC|  |TS  0|AC  0|TAMS 0x0000000703c00000, 0x0000000703c00000|
|  60|0x0000000703c00000, 0x0000000703d00000, 0x0000000703d00000|100%|HC|  |TS  0|AC  0|TAMS 0x0000000703d00000, 0x0000000703d00000|
|  61|0x0000000703d00000, 0x0000000703e00000, 0x0000000703e00000|100%|HC|  |TS  0|AC  0|TAMS 0x0000000703e00000, 0x0000000703e00000|
|  62|0x0000000703e00000, 0x0000000703f00000, 0x0000000703f00000|100%|HC|  |TS  0|AC  0|TAMS 0x0000000703f00000, 0x0000000703f00000|
|  63|0x0000000703f00000, 0x0000000704000000, 0x0000000704000000|100%|HC|  |TS  0|AC  0|TAMS 0x0000000704000000, 0x0000000704000000|
|  64|0x0000000704000000, 0x0000000704100000, 0x0000000704100000|100%|HC|  |TS  0|AC  0|TAMS 0x0000000704100000, 0x0000000704100000|
|  65|0x0000000704100000, 0x0000000704200000, 0x0000000704200000|100%|HC|  |TS  0|AC  0|TAMS 0x0000000704200000, 0x0000000704200000|
|  66|0x0000000704200000, 0x0000000704300000, 0x0000000704300000|100%|HC|  |TS  0|AC  0|TAMS 0x0000000704300000, 0x0000000704300000|
|  67|0x0000000704300000, 0x0000000704400000, 0x0000000704400000|100%|HC|  |TS  0|AC  0|TAMS 0x0000000704400000, 0x0000000704400000|
|  68|0x0000000704400000, 0x0000000704500000, 0x0000000704500000|100%|HC|  |TS  0|AC  0|TAMS 0x0000000704500000, 0x0000000704500000|
|  69|0x0000000704500000, 0x0000000704600000, 0x0000000704600000|100%|HS|  |TS  0|AC  0|TAMS 0x0000000704600000, 0x0000000704600000|
|  70|0x0000000704600000, 0x0000000704700000, 0x0000000704700000|100%| O|  |TS  0|AC  0|TAMS 0x0000000704700000, 0x0000000704700000|
|  71|0x0000000704700000, 0x0000000704800000, 0x0000000704800000|100%| O|  |TS  0|AC  0|TAMS 0x0000000704800000, 0x0000000704800000|
|  72|0x0000000704800000, 0x00000007048fc400, 0x0000000704900000| 98%| O|  |TS  1|AC  0|TAMS 0x00000007048fc400, 0x00000007048fc400|
|  73|0x0000000704900000, 0x0000000704900000, 0x0000000704a00000|  0%| F|  |TS  0|AC  0|TAMS 0x0000000704900000, 0x0000000704900000|
|  74|0x0000000704a00000, 0x0000000704a00000, 0x0000000704b00000|  0%| F|  |TS  0|AC  0|TAMS 0x0000000704a00000, 0x0000000704a00000|
|  75|0x0000000704b00000, 0x0000000704b00000, 0x0000000704c00000|  0%| F|  |TS  0|AC  0|TAMS 0x0000000704b00000, 0x0000000704b00000|
|  76|0x0000000704c00000, 0x0000000704c00000, 0x0000000704d00000|  0%| F|  |TS  0|AC  0|TAMS 0x0000000704c00000, 0x0000000704c00000|
|  77|0x0000000704d00000, 0x0000000704d00000, 0x0000000704e00000|  0%| F|  |TS  0|AC  0|TAMS 0x0000000704d00000, 0x0000000704d00000|
|  78|0x0000000704e00000, 0x0000000704e00000, 0x0000000704f00000|  0%| F|  |TS  0|AC  0|TAMS 0x0000000704e00000, 0x0000000704e00000|
|  79|0x0000000704f00000, 0x0000000704f00000, 0x0000000705000000|  0%| F|  |TS  0|AC  0|TAMS 0x0000000704f00000, 0x0000000704f00000|
|  80|0x0000000705000000, 0x0000000705000000, 0x0000000705100000|  0%| F|  |TS  0|AC  0|TAMS 0x0000000705000000, 0x0000000705000000|
|  81|0x0000000705100000, 0x0000000705100000, 0x0000000705200000|  0%| F|  |TS  0|AC  0|TAMS 0x0000000705100000, 0x0000000705100000|
|  82|0x0000000705200000, 0x0000000705200000, 0x0000000705300000|  0%| F|  |TS  0|AC  0|TAMS 0x0000000705200000, 0x0000000705200000|
|  83|0x0000000705300000, 0x0000000705300000, 0x0000000705400000|  0%| F|  |TS  0|AC  0|TAMS 0x0000000705300000, 0x0000000705300000|
|  84|0x0000000705400000, 0x0000000705400000, 0x0000000705500000|  0%| F|  |TS  0|AC  0|TAMS 0x0000000705400000, 0x0000000705400000|
|  85|0x0000000705500000, 0x0000000705500000, 0x0000000705600000|  0%| F|  |TS  0|AC  0|TAMS 0x0000000705500000, 0x0000000705500000|
|  86|0x0000000705600000, 0x0000000705600000, 0x0000000705700000|  0%| F|  |TS  0|AC  0|TAMS 0x0000000705600000, 0x0000000705600000|
|  87|0x0000000705700000, 0x0000000705700000, 0x0000000705800000|  0%| F|  |TS  0|AC  0|TAMS 0x0000000705700000, 0x0000000705700000|
|  88|0x0000000705800000, 0x0000000705800000, 0x0000000705900000|  0%| F|  |TS  0|AC  0|TAMS 0x0000000705800000, 0x0000000705800000|
|  89|0x0000000705900000, 0x0000000705900000, 0x0000000705a00000|  0%| F|  |TS  0|AC  0|TAMS 0x0000000705900000, 0x0000000705900000|
|  90|0x0000000705a00000, 0x0000000705a00000, 0x0000000705b00000|  0%| F|  |TS  1|AC  0|TAMS 0x0000000705a00000, 0x0000000705a00000|
|  91|0x0000000705b00000, 0x0000000705b202a8, 0x0000000705c00000| 12%| S|CS|TS  1|AC  0|TAMS 0x0000000705b00000, 0x0000000705b00000|
|  92|0x0000000705c00000, 0x0000000705d00000, 0x0000000705d00000|100%| S|CS|TS  1|AC  0|TAMS 0x0000000705c00000, 0x0000000705c00000|
|  93|0x0000000705d00000, 0x0000000705e00000, 0x0000000705e00000|100%| S|CS|TS  1|AC  0|TAMS 0x0000000705d00000, 0x0000000705d00000|
|  94|0x0000000705e00000, 0x0000000705e00000, 0x0000000705f00000|  0%| F|  |TS  1|AC  0|TAMS 0x0000000705e00000, 0x0000000705e00000|
|  95|0x0000000705f00000, 0x0000000705f00000, 0x0000000706000000|  0%| F|  |TS  1|AC  0|TAMS 0x0000000705f00000, 0x0000000705f00000|
|  96|0x0000000706000000, 0x0000000706000000, 0x0000000706100000|  0%| F|  |TS  1|AC  0|TAMS 0x0000000706000000, 0x0000000706000000|
|  97|0x0000000706100000, 0x0000000706200000, 0x0000000706200000|100%| S|CS|TS  1|AC  0|TAMS 0x0000000706100000, 0x0000000706100000|
|  98|0x0000000706200000, 0x0000000706200000, 0x0000000706300000|  0%| F|  |TS  1|AC  0|TAMS 0x0000000706200000, 0x0000000706200000|
|  99|0x0000000706300000, 0x0000000706300000, 0x0000000706400000|  0%| F|  |TS  1|AC  0|TAMS 0x0000000706300000, 0x0000000706300000|
| 100|0x0000000706400000, 0x0000000706400000, 0x0000000706500000|  0%| F|  |TS  1|AC  0|TAMS 0x0000000706400000, 0x0000000706400000|
| 101|0x0000000706500000, 0x0000000706500000, 0x0000000706600000|  0%| F|  |TS  1|AC  0|TAMS 0x0000000706500000, 0x0000000706500000|
| 102|0x0000000706600000, 0x0000000706600000, 0x0000000706700000|  0%| F|  |TS  1|AC  0|TAMS 0x0000000706600000, 0x0000000706600000|
| 103|0x0000000706700000, 0x0000000706700000, 0x0000000706800000|  0%| F|  |TS  1|AC  0|TAMS 0x0000000706700000, 0x0000000706700000|
| 104|0x0000000706800000, 0x0000000706800000, 0x0000000706900000|  0%| F|  |TS  1|AC  0|TAMS 0x0000000706800000, 0x0000000706800000|
| 105|0x0000000706900000, 0x0000000706900000, 0x0000000706a00000|  0%| F|  |TS  1|AC  0|TAMS 0x0000000706900000, 0x0000000706900000|
| 106|0x0000000706a00000, 0x0000000706a00000, 0x0000000706b00000|  0%| F|  |TS  1|AC  0|TAMS 0x0000000706a00000, 0x0000000706a00000|
| 107|0x0000000706b00000, 0x0000000706b00000, 0x0000000706c00000|  0%| F|  |TS  1|AC  0|TAMS 0x0000000706b00000, 0x0000000706b00000|
| 108|0x0000000706c00000, 0x0000000706c00000, 0x0000000706d00000|  0%| F|  |TS  1|AC  0|TAMS 0x0000000706c00000, 0x0000000706c00000|
| 109|0x0000000706d00000, 0x0000000706d00000, 0x0000000706e00000|  0%| F|  |TS  1|AC  0|TAMS 0x0000000706d00000, 0x0000000706d00000|
| 110|0x0000000706e00000, 0x0000000706e00000, 0x0000000706f00000|  0%| F|  |TS  1|AC  0|TAMS 0x0000000706e00000, 0x0000000706e00000|
| 111|0x0000000706f00000, 0x0000000706f00000, 0x0000000707000000|  0%| F|  |TS  1|AC  0|TAMS 0x0000000706f00000, 0x0000000706f00000|
| 112|0x0000000707000000, 0x000000070708aff8, 0x0000000707100000| 54%| E|  |TS  1|AC  0|TAMS 0x0000000707000000, 0x0000000707000000|
| 113|0x0000000707100000, 0x0000000707200000, 0x0000000707200000|100%| E|CS|TS  1|AC  0|TAMS 0x0000000707100000, 0x0000000707100000|
| 114|0x0000000707200000, 0x0000000707300000, 0x0000000707300000|100%| E|CS|TS  1|AC  0|TAMS 0x0000000707200000, 0x0000000707200000|
| 115|0x0000000707300000, 0x0000000707400000, 0x0000000707400000|100%| E|CS|TS  1|AC  0|TAMS 0x0000000707300000, 0x0000000707300000|
| 116|0x0000000707400000, 0x0000000707500000, 0x0000000707500000|100%| E|CS|TS  1|AC  0|TAMS 0x0000000707400000, 0x0000000707400000|
| 117|0x0000000707500000, 0x0000000707600000, 0x0000000707600000|100%| E|CS|TS  1|AC  0|TAMS 0x0000000707500000, 0x0000000707500000|
| 118|0x0000000707600000, 0x0000000707700000, 0x0000000707700000|100%| E|CS|TS  1|AC  0|TAMS 0x0000000707600000, 0x0000000707600000|
| 119|0x0000000707700000, 0x0000000707800000, 0x0000000707800000|100%| E|CS|TS  1|AC  0|TAMS 0x0000000707700000, 0x0000000707700000|
| 120|0x0000000707800000, 0x0000000707900000, 0x0000000707900000|100%| E|CS|TS  1|AC  0|TAMS 0x0000000707800000, 0x0000000707800000|
| 121|0x0000000707900000, 0x0000000707a00000, 0x0000000707a00000|100%| E|CS|TS  1|AC  0|TAMS 0x0000000707900000, 0x0000000707900000|
| 122|0x0000000707a00000, 0x0000000707b00000, 0x0000000707b00000|100%| E|CS|TS  1|AC  0|TAMS 0x0000000707a00000, 0x0000000707a00000|
| 123|0x0000000707b00000, 0x0000000707c00000, 0x0000000707c00000|100%| E|CS|TS  1|AC  0|TAMS 0x0000000707b00000, 0x0000000707b00000|
| 124|0x0000000707c00000, 0x0000000707d00000, 0x0000000707d00000|100%| E|CS|TS  1|AC  0|TAMS 0x0000000707c00000, 0x0000000707c00000|
| 125|0x0000000707d00000, 0x0000000707e00000, 0x0000000707e00000|100%| E|CS|TS  1|AC  0|TAMS 0x0000000707d00000, 0x0000000707d00000|
| 126|0x0000000707e00000, 0x0000000707f00000, 0x0000000707f00000|100%| E|CS|TS  1|AC  0|TAMS 0x0000000707e00000, 0x0000000707e00000|
| 127|0x0000000707f00000, 0x0000000708000000, 0x0000000708000000|100%| E|CS|TS  1|AC  0|TAMS 0x0000000707f00000, 0x0000000707f00000|
| 128|0x0000000708000000, 0x0000000708100000, 0x0000000708100000|100%| E|CS|TS  1|AC  0|TAMS 0x0000000708000000, 0x0000000708000000|
| 129|0x0000000708100000, 0x0000000708200000, 0x0000000708200000|100%| E|CS|TS  1|AC  0|TAMS 0x0000000708100000, 0x0000000708100000|
| 130|0x0000000708200000, 0x0000000708300000, 0x0000000708300000|100%| E|CS|TS  1|AC  0|TAMS 0x0000000708200000, 0x0000000708200000|
| 131|0x0000000708300000, 0x0000000708400000, 0x0000000708400000|100%| E|CS|TS  1|AC  0|TAMS 0x0000000708300000, 0x0000000708300000|
| 132|0x0000000708400000, 0x0000000708500000, 0x0000000708500000|100%| E|CS|TS  1|AC  0|TAMS 0x0000000708400000, 0x0000000708400000|
| 133|0x0000000708500000, 0x0000000708600000, 0x0000000708600000|100%| E|CS|TS  1|AC  0|TAMS 0x0000000708500000, 0x0000000708500000|
| 134|0x0000000708600000, 0x0000000708700000, 0x0000000708700000|100%| E|CS|TS  1|AC  0|TAMS 0x0000000708600000, 0x0000000708600000|
| 135|0x0000000708700000, 0x0000000708800000, 0x0000000708800000|100%| E|CS|TS  1|AC  0|TAMS 0x0000000708700000, 0x0000000708700000|
| 136|0x0000000708800000, 0x0000000708900000, 0x0000000708900000|100%| E|CS|TS  1|AC  0|TAMS 0x0000000708800000, 0x0000000708800000|
| 137|0x0000000708900000, 0x0000000708a00000, 0x0000000708a00000|100%| E|CS|TS  1|AC  0|TAMS 0x0000000708900000, 0x0000000708900000|
| 138|0x0000000708a00000, 0x0000000708b00000, 0x0000000708b00000|100%| E|CS|TS  1|AC  0|TAMS 0x0000000708a00000, 0x0000000708a00000|
| 139|0x0000000708b00000, 0x0000000708c00000, 0x0000000708c00000|100%| E|CS|TS  1|AC  0|TAMS 0x0000000708b00000, 0x0000000708b00000|
| 140|0x0000000708c00000, 0x0000000708d00000, 0x0000000708d00000|100%| E|CS|TS  1|AC  0|TAMS 0x0000000708c00000, 0x0000000708c00000|
| 141|0x0000000708d00000, 0x0000000708e00000, 0x0000000708e00000|100%| E|CS|TS  1|AC  0|TAMS 0x0000000708d00000, 0x0000000708d00000|
| 142|0x0000000708e00000, 0x0000000708f00000, 0x0000000708f00000|100%| E|CS|TS  1|AC  0|TAMS 0x0000000708e00000, 0x0000000708e00000|
| 143|0x0000000708f00000, 0x0000000709000000, 0x0000000709000000|100%| E|CS|TS  1|AC  0|TAMS 0x0000000708f00000, 0x0000000708f00000|
| 144|0x0000000709000000, 0x0000000709100000, 0x0000000709100000|100%| E|CS|TS  1|AC  0|TAMS 0x0000000709000000, 0x0000000709000000|
| 145|0x0000000709100000, 0x0000000709200000, 0x0000000709200000|100%| E|CS|TS  1|AC  0|TAMS 0x0000000709100000, 0x0000000709100000|
| 146|0x0000000709200000, 0x0000000709300000, 0x0000000709300000|100%| E|CS|TS  1|AC  0|TAMS 0x0000000709200000, 0x0000000709200000|
| 147|0x0000000709300000, 0x0000000709400000, 0x0000000709400000|100%| E|CS|TS  1|AC  0|TAMS 0x0000000709300000, 0x0000000709300000|
| 148|0x0000000709400000, 0x0000000709500000, 0x0000000709500000|100%| E|CS|TS  1|AC  0|TAMS 0x0000000709400000, 0x0000000709400000|
| 149|0x0000000709500000, 0x0000000709600000, 0x0000000709600000|100%| E|CS|TS  1|AC  0|TAMS 0x0000000709500000, 0x0000000709500000|
| 150|0x0000000709600000, 0x0000000709700000, 0x0000000709700000|100%| E|CS|TS  1|AC  0|TAMS 0x0000000709600000, 0x0000000709600000|
| 151|0x0000000709700000, 0x0000000709800000, 0x0000000709800000|100%| E|CS|TS  1|AC  0|TAMS 0x0000000709700000, 0x0000000709700000|
| 152|0x0000000709800000, 0x0000000709900000, 0x0000000709900000|100%| E|CS|TS  1|AC  0|TAMS 0x0000000709800000, 0x0000000709800000|
| 153|0x0000000709900000, 0x0000000709a00000, 0x0000000709a00000|100%| E|CS|TS  1|AC  0|TAMS 0x0000000709900000, 0x0000000709900000|

Card table byte_map: [0x000001be3e230000,0x000001be3e830000] byte_map_base: 0x000001be3aa30000

Marking Bits (Prev, Next): (CMBitMap*) 0x000001be23ad56e8, (CMBitMap*) 0x000001be23ad56b0
 Prev Bits: [0x000001be41e30000, 0x000001be44e30000)
 Next Bits: [0x000001be3ee30000, 0x000001be41e30000)

Polling page: 0x000001be1ef40000

CodeHeap 'non-profiled nmethods': size=120064Kb used=12091Kb max_used=12091Kb free=107972Kb
 bounds [0x000001be360f0000, 0x000001be36cd0000, 0x000001be3d630000]
CodeHeap 'profiled nmethods': size=120000Kb used=29798Kb max_used=31517Kb free=90201Kb
 bounds [0x000001be2ebc0000, 0x000001be30bb0000, 0x000001be360f0000]
CodeHeap 'non-nmethods': size=5696Kb used=1711Kb max_used=1774Kb free=3984Kb
 bounds [0x000001be2e630000, 0x000001be2e8a0000, 0x000001be2ebc0000]
 total_blobs=20270 nmethods=11663 adapters=1022
 compilation: enabled

Compilation events (10 events):
Event: 4702.430 Thread 0x000001be2500d800 14326       4       javax.swing.text.html.HTMLEditorKit$HTMLFactory$BodyBlockView::layoutMinorAxis (218 bytes)
Event: 4702.453 Thread 0x000001be2500d800 nmethod 14326 0x000001be36cb2010 code [0x000001be36cb22a0, 0x000001be36cb3748]
Event: 4702.474 Thread 0x000001be23b3e000 14332       3       com.jidesoft.plaf.basic.BasicJideTabbedPaneUI::paintTabArea (277 bytes)
Event: 4702.475 Thread 0x000001be23b3e000 nmethod 14332 0x000001be2fc47290 code [0x000001be2fc475c0, 0x000001be2fc48fe0]
Event: 4702.475 Thread 0x000001be23b3e000 14331       3       com.jidesoft.plaf.basic.BasicJideTabbedPaneUI$ScrollableTabPanel::paintComponent (94 bytes)
Event: 4702.477 Thread 0x000001be23b3e000 nmethod 14331 0x000001be2fbde010 code [0x000001be2fbde300, 0x000001be2fbdfa40]
Event: 4702.477 Thread 0x000001be23b3e000 14333       3       com.jidesoft.plaf.basic.BasicJideTabbedPaneUI::lastTabInRun (52 bytes)
Event: 4702.477 Thread 0x000001be23b3e000 nmethod 14333 0x000001be2faf2a90 code [0x000001be2faf2c40, 0x000001be2faf2eb8]
Event: 4702.490 Thread 0x000001be23b3e000 14334       3       com.jidesoft.plaf.basic.BasicJideButtonUI::getForegroundOfState (43 bytes)
Event: 4702.491 Thread 0x000001be23b3e000 nmethod 14334 0x000001be2fb62810 code [0x000001be2fb62a20, 0x000001be2fb63290]

GC Heap History (10 events):
Event: 4698.330 GC heap before
{Heap before GC invocations=72 (full 3):
 garbage-first heap   total 157696K, used 132779K [0x0000000700000000, 0x00000007001004d0, 0x00000007c0000000)
  region size 1024K, 60 young (61440K), 4 survivors (4096K)
 Metaspace       used 69499K, capacity 72394K, committed 73884K, reserved 1112064K
  class space    used 9557K, capacity 10109K, committed 10396K, reserved 1048576K
}
Event: 4698.347 GC heap after
{Heap after GC invocations=73 (full 3):
 garbage-first heap   total 157696K, used 78152K [0x0000000700000000, 0x00000007001004d0, 0x00000007c0000000)
  region size 1024K, 7 young (7168K), 7 survivors (7168K)
 Metaspace       used 69499K, capacity 72394K, committed 73884K, reserved 1112064K
  class space    used 9557K, capacity 10109K, committed 10396K, reserved 1048576K
}
Event: 4698.859 GC heap before
{Heap before GC invocations=73 (full 3):
 garbage-first heap   total 157696K, used 132424K [0x0000000700000000, 0x00000007001004d0, 0x00000007c0000000)
  region size 1024K, 60 young (61440K), 7 survivors (7168K)
 Metaspace       used 69569K, capacity 72398K, committed 73884K, reserved 1112064K
  class space    used 9559K, capacity 10109K, committed 10396K, reserved 1048576K
}
Event: 4698.868 GC heap after
{Heap after GC invocations=74 (full 3):
 garbage-first heap   total 157696K, used 77975K [0x0000000700000000, 0x00000007001004d0, 0x00000007c0000000)
  region size 1024K, 4 young (4096K), 4 survivors (4096K)
 Metaspace       used 69569K, capacity 72398K, committed 73884K, reserved 1112064K
  class space    used 9559K, capacity 10109K, committed 10396K, reserved 1048576K
}
Event: 4699.535 GC heap before
{Heap before GC invocations=75 (full 3):
 garbage-first heap   total 157696K, used 135319K [0x0000000700000000, 0x00000007001004d0, 0x00000007c0000000)
  region size 1024K, 60 young (61440K), 4 survivors (4096K)
 Metaspace       used 69663K, capacity 72538K, committed 73884K, reserved 1112064K
  class space    used 9560K, capacity 10111K, committed 10396K, reserved 1048576K
}
Event: 4699.541 GC heap after
{Heap after GC invocations=76 (full 3):
 garbage-first heap   total 157696K, used 76942K [0x0000000700000000, 0x00000007001004d0, 0x00000007c0000000)
  region size 1024K, 3 young (3072K), 3 survivors (3072K)
 Metaspace       used 69663K, capacity 72538K, committed 73884K, reserved 1112064K
  class space    used 9560K, capacity 10111K, committed 10396K, reserved 1048576K
}
Event: 4701.238 GC heap before
{Heap before GC invocations=76 (full 3):
 garbage-first heap   total 157696K, used 135310K [0x0000000700000000, 0x00000007001004d0, 0x00000007c0000000)
  region size 1024K, 60 young (61440K), 3 survivors (3072K)
 Metaspace       used 69709K, capacity 72602K, committed 74140K, reserved 1114112K
  class space    used 9560K, capacity 10111K, committed 10396K, reserved 1048576K
}
Event: 4701.245 GC heap after
{Heap after GC invocations=77 (full 3):
 garbage-first heap   total 157696K, used 77604K [0x0000000700000000, 0x00000007001004d0, 0x00000007c0000000)
  region size 1024K, 4 young (4096K), 4 survivors (4096K)
 Metaspace       used 69709K, capacity 72602K, committed 74140K, reserved 1114112K
  class space    used 9560K, capacity 10111K, committed 10396K, reserved 1048576K
}
Event: 4701.755 GC heap before
{Heap before GC invocations=78 (full 3):
 garbage-first heap   total 157696K, used 134948K [0x0000000700000000, 0x00000007001004d0, 0x00000007c0000000)
  region size 1024K, 60 young (61440K), 4 survivors (4096K)
 Metaspace       used 69740K, capacity 72602K, committed 74140K, reserved 1114112K
  class space    used 9560K, capacity 10111K, committed 10396K, reserved 1048576K
}
Event: 4701.763 GC heap after
{Heap after GC invocations=79 (full 3):
 garbage-first heap   total 157696K, used 77617K [0x0000000700000000, 0x00000007001004d0, 0x00000007c0000000)
  region size 1024K, 4 young (4096K), 4 survivors (4096K)
 Metaspace       used 69740K, capacity 72602K, committed 74140K, reserved 1114112K
  class space    used 9560K, capacity 10111K, committed 10396K, reserved 1048576K
}

Deoptimization events (10 events):
Event: 4698.816 Thread 0x000001be4b42d800 Uncommon trap: reason=class_check action=maybe_recompile pc=0x000001be361b88f4 method=java.util.HashSet.contains(Ljava/lang/Object;)Z @ 5 c2
Event: 4698.817 Thread 0x000001be4b42d800 Uncommon trap: reason=class_check action=maybe_recompile pc=0x000001be361b88f4 method=java.util.HashSet.contains(Ljava/lang/Object;)Z @ 5 c2
Event: 4698.823 Thread 0x000001be4b42d800 Uncommon trap: reason=unstable_if action=reinterpret pc=0x000001be36aac468 method=ui.utils.o.c.a.setText(Ljava/lang/String;)V @ 28 c2
Event: 4699.085 Thread 0x000001be4b42d800 Uncommon trap: reason=unstable_if action=reinterpret pc=0x000001be36a28c3c method=javax.swing.plaf.basic.BasicProgressBarUI.sizeChanged()Z @ 53 c2
Event: 4699.096 Thread 0x000001be4b42d800 Uncommon trap: reason=unstable_if action=reinterpret pc=0x000001be36c02984 method=java.awt.EventQueue.removeSourceEvents(Ljava/lang/Object;Z)V @ 99 c2
Event: 4699.541 Thread 0x000001be4b42d800 Uncommon trap: reason=unstable_if action=reinterpret pc=0x000001be36987da4 method=java.util.WeakHashMap.transfer([Ljava/util/WeakHashMap$Entry;[Ljava/util/WeakHashMap$Entry;)V @ 38 c2
Event: 4701.199 Thread 0x000001be4b42d800 Uncommon trap: reason=speculate_class_check action=maybe_recompile pc=0x000001be364d2564 method=java.awt.DefaultKeyboardFocusManager.dispatchEvent(Ljava/awt/AWTEvent;)Z @ 1467 c2
Event: 4701.220 Thread 0x000001be4b42d800 Uncommon trap: reason=class_check action=maybe_recompile pc=0x000001be361b88f4 method=java.util.HashSet.contains(Ljava/lang/Object;)Z @ 5 c2
Event: 4701.220 Thread 0x000001be4b42d800 Uncommon trap: reason=class_check action=maybe_recompile pc=0x000001be361b88f4 method=java.util.HashSet.contains(Ljava/lang/Object;)Z @ 5 c2
Event: 4702.250 Thread 0x000001be4b42d800 Uncommon trap: reason=unstable_if action=reinterpret pc=0x000001be367622cc method=java.awt.Component.disable()V @ 27 c2

Classes redefined (0 events):
No events

Internal exceptions (10 events):
Event: 4681.250 Thread 0x000001be4b42d800 Exception <a 'java/lang/NoSuchMethodError'{0x0000000706f9d160}: java.lang.invoke.DelegatingMethodHandle$Holder.reinvoke_L(Ljava/lang/Object;IIILjava/lang/Object;IIII)Ljava/lang/Object;> (0x0000000706f9d160) thrown at [t:/workspace/hotspot/src/share/vm/int
Event: 4681.251 Thread 0x000001be4b42d800 Exception <a 'java/lang/NoSuchMethodError'{0x0000000706ff4b20}: method resolution failed> (0x0000000706ff4b20) thrown at [t:/workspace/hotspot/src/share/vm/prims/methodHandles.cpp, line 1256]
Event: 4681.251 Thread 0x000001be4b42d800 Exception <a 'java/lang/NoSuchMethodError'{0x0000000706ff8368}: java.lang.invoke.DelegatingMethodHandle$Holder.reinvoke_L(Ljava/lang/Object;Ljava/lang/Object;IIII)Ljava/lang/Object;> (0x0000000706ff8368) thrown at [t:/workspace/hotspot/src/share/vm/interp
Event: 4682.511 Thread 0x000001be4b42d800 Implicit null exception at 0x000001be364f687a to 0x000001be364f71f1
Event: 4683.080 Thread 0x000001be4b42d800 Implicit null exception at 0x000001be365efb6f to 0x000001be365efe49
Event: 4698.319 Thread 0x000001be4b42d800 Exception <a 'java/lang/NoSuchMethodError'{0x000000070625d638}: java.lang.invoke.DelegatingMethodHandle$Holder.reinvoke_L(Ljava/lang/Object;Ljava/lang/Object;J)Ljava/lang/Object;> (0x000000070625d638) thrown at [t:/workspace/hotspot/src/share/vm/interpret
Event: 4698.347 Thread 0x000001be25532000 Implicit null exception at 0x000001be369f7077 to 0x000001be369f90c1
Event: 4698.594 Thread 0x000001be4b42d800 Implicit null exception at 0x000001be36af15ff to 0x000001be36af451d
Event: 4698.816 Thread 0x000001be4b42d800 Implicit null exception at 0x000001be36291b75 to 0x000001be36291eb5
Event: 4701.668 Thread 0x000001be4bf1e800 Exception <a 'java/lang/InterruptedException'{0x000000070859b920}: sleep interrupted> (0x000000070859b920) thrown at [t:/workspace/hotspot/src/share/vm/prims/jvm.cpp, line 2984]

Events (10 events):
Event: 4701.742 Executing VM operation: RevokeBias done
Event: 4701.755 Executing VM operation: G1IncCollectionPause
Event: 4701.763 Executing VM operation: G1IncCollectionPause done
Event: 4701.893 Thread 0x000001be4b42d800 DEOPT PACKING pc=0x000001be2faf0c69 sp=0x0000002aa16f1f40
Event: 4701.893 Thread 0x000001be4b42d800 DEOPT UNPACKING pc=0x000001be2e67dd3f sp=0x0000002aa16f1400 mode 0
Event: 4702.221 Thread 0x000001be4bf1a800 Thread added: 0x000001be4bf1a800
Event: 4702.223 Thread 0x000001be4bf1a800 Thread exited: 0x000001be4bf1a800
Event: 4702.250 Thread 0x000001be4b42d800 Uncommon trap: trap_request=0xffffff5d fr.pc=0x000001be367622cc relative=0x0000000000000c0c
Event: 4702.250 Thread 0x000001be4b42d800 DEOPT PACKING pc=0x000001be367622cc sp=0x0000002aa16f50c0
Event: 4702.250 Thread 0x000001be4b42d800 DEOPT UNPACKING pc=0x000001be2e67df29 sp=0x0000002aa16f5030 mode 2


Dynamic libraries:
0x00007ff694450000 - 0x00007ff694480000 	C:\Xilinx\Vivado\2018.3\bin\unwrapped\win64.o\vivado.exe
0x00007fffb3070000 - 0x00007fffb3265000 	C:\WINDOWS\SYSTEM32\ntdll.dll
0x00007fffb17d0000 - 0x00007fffb188d000 	C:\WINDOWS\System32\KERNEL32.DLL
0x00007fffb0940000 - 0x00007fffb0c08000 	C:\WINDOWS\System32\KERNELBASE.dll
0x00007fffb0fd0000 - 0x00007fffb10d0000 	C:\WINDOWS\System32\ucrtbase.dll
0x00007fff821d0000 - 0x00007fff8225d000 	C:\WINDOWS\SYSTEM32\MSVCP140.dll
0x00007fff92a80000 - 0x00007fff92a94000 	C:\Xilinx\Vivado\2018.3\lib\win64.o\libboost_signals.dll
0x00007fff925f0000 - 0x00007fff92604000 	C:\Xilinx\Vivado\2018.3\lib\win64.o\librdi_commonmain.dll
0x00007fff96460000 - 0x00007fff9647a000 	C:\WINDOWS\SYSTEM32\VCRUNTIME140.dll
0x00007fff821c0000 - 0x00007fff821cc000 	C:\WINDOWS\SYSTEM32\VCRUNTIME140_1.dll
0x00007fff897e0000 - 0x00007fff89806000 	C:\Xilinx\Vivado\2018.3\lib\win64.o\libboost_filesystem.dll
0x00007fffb1250000 - 0x00007fffb12fc000 	C:\WINDOWS\System32\ADVAPI32.dll
0x00007fff95950000 - 0x00007fff9595a000 	C:\Xilinx\Vivado\2018.3\lib\win64.o\librdi_commonversion.dll
0x00007fffb1ec0000 - 0x00007fffb1f5e000 	C:\WINDOWS\System32\msvcrt.dll
0x00007fffb26b0000 - 0x00007fffb274b000 	C:\WINDOWS\System32\sechost.dll
0x00007fffb1c50000 - 0x00007fffb1d7b000 	C:\WINDOWS\System32\RPCRT4.dll
0x00007fff760e0000 - 0x00007fff76201000 	C:\Xilinx\Vivado\2018.3\lib\win64.o\librdi_commonxillic.dll
0x00007fffb2750000 - 0x00007fffb28f0000 	C:\WINDOWS\System32\USER32.dll
0x00007fffb0800000 - 0x00007fffb0822000 	C:\WINDOWS\System32\win32u.dll
0x00007fffb2de0000 - 0x00007fffb2e0a000 	C:\WINDOWS\System32\GDI32.dll
0x0000000069210000 - 0x000000006933b000 	C:\Xilinx\Vivado\2018.3\lib\win64.o\tcl85t.dll
0x00007fffb2fc0000 - 0x00007fffb302b000 	C:\WINDOWS\System32\WS2_32.dll
0x00007fffb0830000 - 0x00007fffb093b000 	C:\WINDOWS\System32\gdi32full.dll
0x00007fffb0c10000 - 0x00007fffb0cad000 	C:\WINDOWS\System32\msvcp_win.dll
0x00007fff900f0000 - 0x00007fff900fb000 	C:\Xilinx\Vivado\2018.3\lib\win64.o\libboost_system.dll
0x00007fff71740000 - 0x00007fff719f5000 	C:\Xilinx\Vivado\2018.3\lib\win64.o\libXil_lmgr11.dll
0x00007fffb1d80000 - 0x00007fffb1e5a000 	C:\WINDOWS\System32\COMDLG32.dll
0x00007fffb1310000 - 0x00007fffb1665000 	C:\WINDOWS\System32\combase.dll
0x00007fffb1690000 - 0x00007fffb173e000 	C:\WINDOWS\System32\shcore.dll
0x00007fffb11f0000 - 0x00007fffb1245000 	C:\WINDOWS\System32\SHLWAPI.dll
0x00007fffb1f60000 - 0x00007fffb26a2000 	C:\WINDOWS\System32\SHELL32.dll
0x00007fffb1890000 - 0x00007fffb195d000 	C:\WINDOWS\System32\OLEAUT32.dll
0x00007fffb1960000 - 0x00007fffb1a8a000 	C:\WINDOWS\System32\ole32.dll
0x00007fffb0f40000 - 0x00007fffb0fa0000 	C:\WINDOWS\System32\WINTRUST.dll
0x00007fffb0cb0000 - 0x00007fffb0e0f000 	C:\WINDOWS\System32\CRYPT32.dll
0x00007fff74ed0000 - 0x00007fff74fe4000 	C:\Xilinx\Vivado\2018.3\lib\win64.o\libboost_regex.dll
0x00007fff9c510000 - 0x00007fff9c528000 	C:\WINDOWS\SYSTEM32\NETAPI32.dll
0x00007fff93020000 - 0x00007fff930d0000 	C:\WINDOWS\WinSxS\amd64_microsoft.windows.common-controls_6595b64144ccf1df_5.82.19041.844_none_423537bff6b9828c\COMCTL32.dll
0x00007fff962d0000 - 0x00007fff962d9000 	C:\WINDOWS\SYSTEM32\WSOCK32.dll
0x00007fffa07c0000 - 0x00007fffa07dd000 	C:\WINDOWS\SYSTEM32\dhcpcsvc.DLL
0x00007fff6f140000 - 0x00007fff6ffd4000 	C:\Xilinx\Vivado\2018.3\lib\win64.o\librdi_common.dll
0x00007fff82990000 - 0x00007fff829a4000 	C:\Xilinx\Vivado\2018.3\lib\win64.o\libboost_date_time.dll
0x00007fff713d0000 - 0x00007fff7173e000 	C:\Xilinx\Vivado\2018.3\lib\win64.o\libCOIN-all.dll
0x00007fff7d5b0000 - 0x00007fff7d62f000 	C:\Xilinx\Vivado\2018.3\lib\win64.o\libboost_program_options.dll
0x00007fff8f180000 - 0x00007fff8f18f000 	C:\Xilinx\Vivado\2018.3\lib\win64.o\libboost_xilinx.dll
0x00007fff82960000 - 0x00007fff82981000 	C:\Xilinx\Vivado\2018.3\lib\win64.o\libboost_thread.dll
0x00007fff75cf0000 - 0x00007fff75d72000 	C:\Xilinx\Vivado\2018.3\lib\win64.o\libhdlpsolve.dll
0x00007fff82650000 - 0x00007fff8267e000 	C:\Xilinx\Vivado\2018.3\lib\win64.o\libisl_sysinfo.dll
0x00007fff777c0000 - 0x00007fff77825000 	C:\Xilinx\Vivado\2018.3\lib\win64.o\liblmx6.0.dll
0x00007fff7d590000 - 0x00007fff7d5aa000 	C:\Xilinx\Vivado\2018.3\lib\win64.o\pthreadVC2.dll
0x00007fff7d570000 - 0x00007fff7d58c000 	C:\Xilinx\Vivado\2018.3\lib\win64.o\librdiconfig.dll
0x00007fff7d2e0000 - 0x00007fff7d301000 	C:\Xilinx\Vivado\2018.3\lib\win64.o\librdizlib.dll
0x00007fff74e20000 - 0x00007fff74ec5000 	C:\Xilinx\Vivado\2018.3\lib\win64.o\libhdxml.dll
0x00007fff6e8f0000 - 0x00007fff6f13e600 	C:\Xilinx\Vivado\2018.3\lib\win64.o\libisl_iostreams.dll
0x00007fffaa600000 - 0x00007fffaa70b000 	C:\WINDOWS\SYSTEM32\WINHTTP.dll
0x00007fff98260000 - 0x00007fff9873d000 	C:\WINDOWS\SYSTEM32\WININET.dll
0x0000000012000000 - 0x0000000012272000 	C:\Xilinx\Vivado\2018.3\lib\win64.o\xerces-c_3_1.dll
0x00007fff9c8b0000 - 0x00007fff9ca9e000 	C:\WINDOWS\SYSTEM32\urlmon.dll
0x00007fff7ccd0000 - 0x00007fff7ccfe000 	C:\WINDOWS\SYSTEM32\VCOMP140.DLL
0x00007fff62920000 - 0x00007fff637b1000 	C:\Xilinx\Vivado\2018.3\lib\win64.o\gurobi65.dll
0x00007fff8b4a0000 - 0x00007fff8b4ad000 	C:\Xilinx\Vivado\2018.3\lib\win64.o\libboost_chrono.dll
0x00007fff778c0000 - 0x00007fff778e5000 	C:\Xilinx\Vivado\2018.3\lib\win64.o\libisl_iosutils.dll
0x00007fff7cb80000 - 0x00007fff7cb9b000 	C:\Xilinx\Vivado\2018.3\lib\win64.o\libboost_iostreams.dll
0x00007fff9c600000 - 0x00007fff9c8b0000 	C:\WINDOWS\SYSTEM32\iertutil.dll
0x00007fffafc80000 - 0x00007fffafc8c000 	C:\WINDOWS\SYSTEM32\NETUTILS.DLL
0x00007fffb2f80000 - 0x00007fffb2fb0000 	C:\WINDOWS\System32\IMM32.DLL
0x00007fffb03a0000 - 0x00007fffb03b2000 	C:\WINDOWS\SYSTEM32\MSASN1.dll
0x00007fffae680000 - 0x00007fffae692000 	C:\WINDOWS\SYSTEM32\kernel.appcore.dll
0x00007fff6e3f0000 - 0x00007fff6e8e5000 	C:\Xilinx\Vivado\2018.3\lib\win64.o\librdi_commontasks.dll
0x00007fffa0170000 - 0x00007fffa017a000 	C:\WINDOWS\SYSTEM32\VERSION.dll
0x00007fff6e170000 - 0x00007fff6e3ef000 	C:\Xilinx\Vivado\2018.3\lib\win64.o\librdi_sio.dll
0x00000000687e0000 - 0x0000000069205000 	C:\Xilinx\Vivado\2018.3\tps\win64\jre9.0.4\bin\server\jvm.dll
0x00007fffafb70000 - 0x00007fffafbab000 	C:\WINDOWS\SYSTEM32\IPHLPAPI.DLL
0x00007fffb2fb0000 - 0x00007fffb2fb8000 	C:\WINDOWS\System32\PSAPI.DLL
0x00007fff9de50000 - 0x00007fff9de77000 	C:\WINDOWS\SYSTEM32\WINMM.dll
0x00007fff989e0000 - 0x00007fff98acf000 	C:\WINDOWS\SYSTEM32\MSVCR120.dll
0x00007fffafe60000 - 0x00007fffafeca000 	C:\WINDOWS\SYSTEM32\MSWSOCK.DLL
0x00007fffae8a0000 - 0x00007fffaf030000 	C:\WINDOWS\SYSTEM32\windows.storage.dll
0x00007fffb0080000 - 0x00007fffb00ac000 	C:\WINDOWS\SYSTEM32\Wldp.dll
0x00007fff4b090000 - 0x00007fff4d452000 	C:\Xilinx\Vivado\2018.3\lib\win64.o\librdi_tcltasks.dll
0x00007fff62540000 - 0x00007fff6291c000 	C:\Xilinx\Vivado\2018.3\lib\win64.o\librdi_bitstream.dll
0x00007fff71250000 - 0x00007fff713ce000 	C:\Xilinx\Vivado\2018.3\lib\win64.o\librdi_board.dll
0x00007fff62460000 - 0x00007fff6253c000 	C:\Xilinx\Vivado\2018.3\lib\win64.o\librdi_chipscope.dll
0x00007fff76070000 - 0x00007fff760da000 	C:\Xilinx\Vivado\2018.3\lib\win64.o\librdi_boarddep.dll
0x00007fff5c720000 - 0x00007fff5c8d9000 	C:\Xilinx\Vivado\2018.3\lib\win64.o\librdi_chipscopeimpl.dll
0x00007fff62310000 - 0x00007fff62458000 	C:\Xilinx\Vivado\2018.3\lib\win64.o\librdi_containers.dll
0x00007fff5c040000 - 0x00007fff5c71a000 	C:\Xilinx\Vivado\2018.3\lib\win64.o\librdi_coregenipxact.dll
0x00007fff58c30000 - 0x00007fff5a535000 	C:\Xilinx\Vivado\2018.3\lib\win64.o\librdi_constraints.dll
0x00007fff4ad70000 - 0x00007fff4b08b000 	C:\Xilinx\Vivado\2018.3\lib\win64.o\librdi_dlyest.dll
0x00007fff4a810000 - 0x00007fff4ad70000 	C:\Xilinx\Vivado\2018.3\lib\win64.o\librdi_drc.dll
0x00007fff749d0000 - 0x00007fff74a92000 	C:\Xilinx\Vivado\2018.3\lib\win64.o\librdi_dsp.dll
0x00007fff4a1d0000 - 0x00007fff4a80f000 	C:\Xilinx\Vivado\2018.3\lib\win64.o\librdi_filemgmt.dll
0x00007fff49ef0000 - 0x00007fff4a1ca000 	C:\Xilinx\Vivado\2018.3\lib\win64.o\librdi_guitools.dll
0x00007fff74dc0000 - 0x00007fff74e1d000 	C:\Xilinx\Vivado\2018.3\lib\win64.o\librdi_hdf.dll
0x00007fff480d0000 - 0x00007fff49eef000 	C:\Xilinx\Vivado\2018.3\lib\win64.o\librdi_coregen.dll
0x00007fff47ab0000 - 0x00007fff480c5000 	C:\Xilinx\Vivado\2018.3\lib\win64.o\librdi_memdata.dll
0x00007fff726e0000 - 0x00007fff72751000 	C:\Xilinx\Vivado\2018.3\lib\win64.o\librdi_memoryarray.dll
0x00007fff2e200000 - 0x00007fff31bac000 	C:\Xilinx\Vivado\2018.3\lib\win64.o\librdi_mig.dll
0x00007fff31bb0000 - 0x00007fff32f41000 	C:\Xilinx\Vivado\2018.3\lib\win64.o\librdi_implflow.dll
0x00007fff2dbc0000 - 0x00007fff2e1fb000 	C:\Xilinx\Vivado\2018.3\lib\win64.o\librdi_netlist.dll
0x00007fff75500000 - 0x00007fff75550000 	C:\Xilinx\Vivado\2018.3\lib\win64.o\librdi_pfi.dll
0x00007fff2d8b0000 - 0x00007fff2dbb7000 	C:\Xilinx\Vivado\2018.3\lib\win64.o\librdi_platform.dll
0x00007fff43cb0000 - 0x00007fff47aab000 	C:\Xilinx\Vivado\2018.3\lib\win64.o\librdi_designutils.dll
0x00007fff2d1b0000 - 0x00007fff2d8a5000 	C:\Xilinx\Vivado\2018.3\lib\win64.o\librdi_power.dll
0x00007fff2cab0000 - 0x00007fff2d1a3000 	C:\Xilinx\Vivado\2018.3\lib\win64.o\librdi_psta.dll
0x00007fff2c550000 - 0x00007fff2caa6000 	C:\Xilinx\Vivado\2018.3\lib\win64.o\librdi_project.dll
0x00007fff2be70000 - 0x00007fff2c549000 	C:\Xilinx\Vivado\2018.3\lib\win64.o\librdi_rsb.dll
0x00007fff2ba90000 - 0x00007fff2be67000 	C:\Xilinx\Vivado\2018.3\lib\win64.o\librdi_runs.dll
0x00007fff5a830000 - 0x00007fff5a908000 	C:\Xilinx\Vivado\2018.3\lib\win64.o\librdi_runsbase.dll
0x00007fff58700000 - 0x00007fff58928000 	C:\Xilinx\Vivado\2018.3\lib\win64.o\librdi_simdata.dll
0x00007fff32f50000 - 0x00007fff43ca2000 	C:\Xilinx\Vivado\2018.3\lib\win64.o\librdi_device.dll
0x00007fff5a6d0000 - 0x00007fff5a824000 	C:\Xilinx\Vivado\2018.3\lib\win64.o\librdi_advchipscopeimpl.dll
0x00007fff74d70000 - 0x00007fff74dbc000 	C:\Xilinx\Vivado\2018.3\lib\win64.o\libboost_serialization.dll
0x00007fff6e0b0000 - 0x00007fff6e168000 	C:\Xilinx\Vivado\2018.3\lib\win64.o\librdi_hip_devdesign.dll
0x00007fff58b80000 - 0x00007fff58c2b000 	C:\Xilinx\Vivado\2018.3\lib\win64.o\librdi_ipconfig_readwrite.dll
0x00007fff74b80000 - 0x00007fff74bb8000 	C:\Xilinx\Vivado\2018.3\lib\win64.o\librdi_noc_frameworks.dll
0x00007fff5acb0000 - 0x00007fff5ad4e000 	C:\Xilinx\Vivado\2018.3\lib\win64.o\libise.dll
0x00007fff2ad00000 - 0x00007fff2ba8d000 	C:\Xilinx\Vivado\2018.3\lib\win64.o\librdi_timing.dll
0x00007fff5f040000 - 0x00007fff5f089000 	C:\Xilinx\Vivado\2018.3\lib\win64.o\librdi_wavedata_SimpleApi.dll
0x00007fff2a710000 - 0x00007fff2acf4000 	C:\Xilinx\Vivado\2018.3\lib\win64.o\librdi_wavedata.dll
0x00007fff29bc0000 - 0x00007fff2a707000 	C:\Xilinx\Vivado\2018.3\lib\win64.o\libverific.dll
0x00007fff58b10000 - 0x00007fff58b73000 	C:\Xilinx\Vivado\2018.3\lib\win64.o\librdi_hip_mathengine.dll
0x00007fff28bb0000 - 0x00007fff29bb2000 	C:\Xilinx\Vivado\2018.3\lib\win64.o\librdi_route.dll
0x00007fff58a80000 - 0x00007fff58b08000 	C:\Xilinx\Vivado\2018.3\lib\win64.o\librdi_meir_core.dll
0x00007fff26c60000 - 0x00007fff28ba2000 	C:\Xilinx\Vivado\2018.3\lib\win64.o\librdi_synth.dll
0x00007fff26a10000 - 0x00007fff26c60000 	C:\Xilinx\Vivado\2018.3\lib\win64.o\librdi_hsm.dll
0x00007fff26650000 - 0x00007fff26a05000 	C:\Xilinx\Vivado\2018.3\lib\win64.o\librdi_hip_config.dll
0x00007fff26100000 - 0x00007fff2664e000 	C:\Xilinx\Vivado\2018.3\lib\win64.o\librdi_xdm.dll

VM Arguments:
jvm_args: -Dsun.java2d.pmoffscreen=false -Dsun.java2d.xrender=false -Dsun.java2d.d3d=false -Dsun.awt.nopixfmt=true -Dsun.java2d.dpiaware=true -Dsun.java2d.uiScale.enabled=false -Xverify:none -Dswing.aatext=true -XX:-UsePerfData -Djdk.map.althashing.threshold=512 -XX:StringTableSize=4072 --add-opens=java.base/java.nio=ALL-UNNAMED --add-opens=java.desktop/sun.swing=ALL-UNNAMED --add-opens=java.desktop/javax.swing=ALL-UNNAMED --add-opens=java.desktop/javax.swing.tree=ALL-UNNAMED --add-opens=java.desktop/javax.swing.plaf.basic=ALL-UNNAMED --add-opens=java.desktop/javax.swing.plaf.synth=ALL-UNNAMED --add-opens=java.desktop/com.sun.awt=ALL-UNNAMED -XX:NewSize=60m -XX:MaxNewSize=60m -Xms128m -Xmx3072m -Xss5m 
java_command: <unknown>
java_class_path (initial): C:/Xilinx/Vivado/2018.3\lib\classes\alloy.jar;C:/Xilinx/Vivado/2018.3\lib\classes\autopilot.scelaborator.jar;C:/Xilinx/Vivado/2018.3\lib\classes\autopilot.sourceprocessor.jar;C:/Xilinx/Vivado/2018.3\lib\classes\autopilot.tbprocessor.jar;C:/Xilinx/Vivado/2018.3\lib\classes\batik-anim.jar;C:/Xilinx/Vivado/2018.3\lib\classes\batik-awt-util.jar;C:/Xilinx/Vivado/2018.3\lib\classes\batik-bridge.jar;C:/Xilinx/Vivado/2018.3\lib\classes\batik-codec.jar;C:/Xilinx/Vivado/2018.3\lib\classes\batik-css.jar;C:/Xilinx/Vivado/2018.3\lib\classes\batik-dom.jar;C:/Xilinx/Vivado/2018.3\lib\classes\batik-ext.jar;C:/Xilinx/Vivado/2018.3\lib\classes\batik-gui-util.jar;C:/Xilinx/Vivado/2018.3\lib\classes\batik-gvt.jar;C:/Xilinx/Vivado/2018.3\lib\classes\batik-parser.jar;C:/Xilinx/Vivado/2018.3\lib\classes\batik-script.jar;C:/Xilinx/Vivado/2018.3\lib\classes\batik-svg-dom.jar;C:/Xilinx/Vivado/2018.3\lib\classes\batik-swing.jar;C:/Xilinx/Vivado/2018.3\lib\classes\batik-transcoder.jar;C:/Xilinx/Vivado/2018.3\lib\classes\batik-util.jar;C:/Xilinx/Vivado/2018.3\lib\classes\batik-xml.jar;C:/Xilinx/Vivado/2018.3\lib\classes\com.ibm.icu_4.4.2.v20110208.jar;C:/Xilinx/Vivado/2018.3\lib\classes\commons-collections4-4.1.jar;C:/Xilinx/Vivado/2018.3\lib\classes\commons-math-2.2.jar;C:/Xilinx/Vivado/2018.3\lib\classes\dom4j-1.6.1.jar;C:/Xilinx/Vivado/2018.3\lib\classes\guava-18.0.jar;C:/Xilinx/Vivado/2018.3\lib\classes\help.jar;C:/Xilinx/Vivado/2018.3\lib\classes\hsqldb.jar;C:/Xilinx/Vivado/2018.3\lib\classes\jargs.jar;C:/Xilinx/Vivado/2018.3\lib\classes\jaxb-api-2.3.0.jar;C:/Xilinx/Vivado/2018.3\lib\classes\jh.jar;C:/Xilinx/Vivado/2018.3\lib\classes\jide-action.jar;C:/Xilinx/Vivado/2018.3\lib\classes\jide-charts.jar;C:/Xilinx/Vivado/2018.3\lib\classes\jide-common.jar;C:/Xilinx/Vivado/2018.3\lib\classes\jide-components.jar;C:/Xilinx/Vivado/2018.3\lib\classes\jide-dashboard.jar;C:/Xilinx/Vivado/2018.3\lib\classes\jide-data.jar;C:/Xilinx/Vivado/2018.3\lib\classes\jide-dialogs.jar
Launcher Type: generic

Logging:
Log output configuration:
#0: stdout all=warning uptime,level,tags
#1: stderr all=off uptime,level,tags

Environment Variables:
JAVA_HOME=C:\Program Files\AdoptOpenJDK\jdk-11.0.10.9-hotspot\
PATH=C:/Xilinx/Vivado/2018.3/bin;C:/Xilinx/Vivado/2018.3/lib/win64.o;C:/Xilinx/Vivado/2018.3/tps/win64/jre9.0.4/bin/server;C:/Xilinx/Vivado/2018.3/tps/win64/jre9.0.4/bin;C:/Xilinx/Vivado/2018.3/ids_lite/ISE/bin/nt64;C:/Xilinx/Vivado/2018.3/ids_lite/ISE/lib/nt64;C:\Program Files\IBM\ILOG\CPLEX_Studio128\opl\bin\x64_win64;C:\Program Files\IBM\ILOG\CPLEX_Studio128\opl\oplide\;C:\Program Files\IBM\ILOG\CPLEX_Studio128\cplex\bin\x64_win64;C:\Program Files\IBM\ILOG\CPLEX_Studio128\cpoptimizer\bin\x64_win64;C:\Program Files\ImageMagick-7.0.11-Q16-HDRI;C:\Program Files\IBM\ILOG\CPLEX_Studio129\opl\bin\x64_win64;C:\Program Files\IBM\ILOG\CPLEX_Studio129\opl\oplide\;C:\Program Files\IBM\ILOG\CPLEX_Studio129\cplex\bin\x64_win64;C:\Program Files\IBM\ILOG\CPLEX_Studio129\cpoptimizer\bin\x64_win64;C:\Python39\Scripts\;C:\Python39\;C:\Program Files\AdoptOpenJDK\jdk-11.0.10.9-hotspot\bin;C:\Program Files\Python38\Scripts\;C:\Program Files\Python38\;C:\gurobi911\win64\bin;C:\Program Files (x86)\Common Files\Intel\Shared Libraries\redist\intel64_win\compiler;C:\Program Files (x86)\Common Files\Intel\Shared Libraries\redist\intel64\compiler;C:\WINDOWS\system32;C:\WINDOWS;C:\WINDOWS\System32\Wbem;C:\WINDOWS\System32\WindowsPowerShell\v1.0\;C:\WINDOWS\System32\OpenSSH\;C:\Program Files\Microsoft VS Code\bin;C:\Program Files\Git\cmd;C:\Program Files\Microsoft SQL Server\130\Tools\Binn\;C:\Program Files\Microsoft SQL Server\Client SDK\ODBC\170\Tools\Binn\;C:\MinGW\bin;C:\Program Files\MiKTeX\miktex\bin\x64\;C:\Program Files\Docker\Docker\resources\bin;C:\ProgramData\DockerDesktop\version-bin;C:\Qt\Qt5.14.2\5.14.2\msvc2017_64\bin;C:\Program Files\MATLAB\R2020b\runtime\win64;C:\Program Files\MATLAB\R2020b\bin;C:\Program Files\Pandoc\;C:\Program Files\dotnet\;C:\Program Files (x86)\Wolfram Research\WolframScript\;C:\Strawberry\c\bin;C:\Strawberry\perl\site\bin;C:\Strawberry\perl\bin;C:\Program Files\nodejs\;C:\ProgramData\chocolatey\bin;C:\Program Files\PowerShell\7\;C:\Users\lizil\.cargo\bin;C
USERNAME=lizil
OS=Windows_NT
PROCESSOR_IDENTIFIER=Intel64 Family 6 Model 142 Stepping 9, GenuineIntel



---------------  S Y S T E M  ---------------

OS: Windows 10 , 64 bit Build 19041 (10.0.19041.928)

CPU:total 4 (initial active 4) (2 cores per cpu, 2 threads per core) family 6 model 142 stepping 9, cmov, cx8, fxsr, mmx, sse, sse2, sse3, ssse3, sse4.1, sse4.2, popcnt, avx, avx2, aes, clmul, erms, rtm, 3dnowpref, lzcnt, ht, tsc, tscinvbit, bmi1, bmi2, adx, fma

Memory: 4k page, physical 16692256k(8490000k free), swap 22983712k(11755836k free)

vm_info: Java HotSpot(TM) 64-Bit Server VM (9.0.4+11) for windows-amd64 JRE (9.0.4+11), built on Dec 20 2017 02:18:54 by "mach5one" with MS VC++ 12.0 (VS2013)

END.
