#-----------------------------------------------------------
# Vivado v2018.3 (64-bit)
# SW Build 2405991 on Thu Dec  6 23:38:27 MST 2018
# IP Build 2404404 on Fri Dec  7 01:43:56 MST 2018
# Start of session at: Tue Jun  8 09:21:17 2021
# Process ID: 6968
# Current directory: C:/Users/lizil/Desktop/SEIEE4th/ArchLabs/lab06
# Command line: vivado.exe -gui_launcher_event rodinguilauncherevent18700 C:\Users\lizil\Desktop\SEIEE4th\ArchLabs\lab06\lab06.xpr
# Log file: C:/Users/lizil/Desktop/SEIEE4th/ArchLabs/lab06/vivado.log
# Journal file: C:/Users/lizil/Desktop/SEIEE4th/ArchLabs/lab06\vivado.jou
#-----------------------------------------------------------
start_gui
open_project C:/Users/lizil/Desktop/SEIEE4th/ArchLabs/lab06/lab06.xpr
Scanning sources...
Finished scanning sources
INFO: [IP_Flow 19-234] Refreshing IP repositories
INFO: [IP_Flow 19-1704] No user IP repositories specified
INFO: [IP_Flow 19-2313] Loaded Vivado IP repository 'C:/Xilinx/Vivado/2018.3/data/ip'.
open_project: Time (s): cpu = 00:00:19 ; elapsed = 00:00:20 . Memory (MB): peak = 692.609 ; gain = 130.160
update_compile_order -fileset sources_1
update_compile_order -fileset sim_1
exit
INFO: [Common 17-206] Exiting Vivado at Tue Jun  8 09:22:47 2021...
er -fileset sim_1
update_compile_order -fileset sources_1
update_compile_order -fileset sim_1
launch_simulation
INFO: [Vivado 12-5682] Launching behavioral simulation in 'C:/Users/lizil/Desktop/SEIEE4th/ArchLabs/lab06/lab06.sim/sim_1/behav/xsim'
INFO: [SIM-utils-51] Simulation object is 'sim_1'
INFO: [SIM-utils-54] Inspecting design source files for 'Basic_tb' in fileset 'sim_1'...
INFO: [SIM-utils-43] Exported 'C:/Users/lizil/Desktop/SEIEE4th/ArchLabs/lab06/lab06.sim/sim_1/behav/xsim/mem_inst.mem'
INFO: [SIM-utils-43] Exported 'C:/Users/lizil/Desktop/SEIEE4th/ArchLabs/lab06/lab06.sim/sim_1/behav/xsim/mem_data.mem'
INFO: [SIM-utils-43] Exported 'C:/Users/lizil/Desktop/SEIEE4th/ArchLabs/lab06/lab06.sim/sim_1/behav/xsim/mem_inst_example.mem'
INFO: [SIM-utils-43] Exported 'C:/Users/lizil/Desktop/SEIEE4th/ArchLabs/lab06/lab06.sim/sim_1/behav/xsim/mem_data_example.mem'
INFO: [SIM-utils-43] Exported 'C:/Users/lizil/Desktop/SEIEE4th/ArchLabs/lab06/lab06.sim/sim_1/behav/xsim/mem_inst.mem'
INFO: [SIM-utils-43] Exported 'C:/Users/lizil/Desktop/SEIEE4th/ArchLabs/lab06/lab06.sim/sim_1/behav/xsim/mem_data.mem'
INFO: [SIM-utils-43] Exported 'C:/Users/lizil/Desktop/SEIEE4th/ArchLabs/lab06/lab06.sim/sim_1/behav/xsim/mem_inst_example.mem'
INFO: [SIM-utils-43] Exported 'C:/Users/lizil/Desktop/SEIEE4th/ArchLabs/lab06/lab06.sim/sim_1/behav/xsim/mem_data_example.mem'
INFO: [USF-XSim-97] Finding global include files...
INFO: [USF-XSim-98] Fetching design files from 'sim_1'...
INFO: [USF-XSim-2] XSim::Compile design
INFO: [USF-XSim-61] Executing 'COMPILE and ANALYZE' step in 'C:/Users/lizil/Desktop/SEIEE4th/ArchLabs/lab06/lab06.sim/sim_1/behav/xsim'
"xvlog --incr --relax -prj Basic_tb_vlog.prj"
run_program: Time (s): cpu = 00:00:01 ; elapsed = 00:00:11 . Memory (MB): peak = 696.344 ; gain = 0.000
INFO: [USF-XSim-69] 'compile' step finished in '11' seconds
INFO: [USF-XSim-3] XSim::Elaborate design
INFO: [USF-XSim-61] Executing 'ELABORATE' step in 'C:/Users/lizil/Desktop/SEIEE4th/ArchLabs/lab06/lab06.sim/sim_1/behav/xsim'
Vivado Simulator 2018.3
Copyright 1986-1999, 2001-2018 Xilinx, Inc. All Rights Reserved.
Running: C:/Xilinx/Vivado/2018.3/bin/unwrapped/win64.o/xelab.exe -wto c4d99c989b8b471ab528a5b5198a4aba --incr --debug typical --relax --mt 2 -L xil_defaultlib -L unisims_ver -L unimacro_ver -L secureip --snapshot Basic_tb_behav xil_defaultlib.Basic_tb xil_defaultlib.glbl -log elaborate.log 
Using 2 slave threads.
Starting static elaboration
Completed static elaboration
INFO: [XSIM 43-4323] No Change in HDL. Linking previously generated obj files to create kernel
run_program: Time (s): cpu = 00:00:00 ; elapsed = 00:00:10 . Memory (MB): peak = 696.344 ; gain = 0.000
INFO: [USF-XSim-69] 'elaborate' step finished in '10' seconds
INFO: [USF-XSim-4] XSim::Simulate design
INFO: [USF-XSim-61] Executing 'SIMULATE' step in 'C:/Users/lizil/Desktop/SEIEE4th/ArchLabs/lab06/lab06.sim/sim_1/behav/xsim'
INFO: [USF-XSim-98] *** Running xsim
   with args "Basic_tb_behav -key {Behavioral:sim_1:Functional:Basic_tb} -tclbatch {Basic_tb.tcl} -log {simulate.log}"
INFO: [USF-XSim-8] Loading simulator feature
Vivado Simulator 2018.3
Time resolution is 1 ps
source Basic_tb.tcl
# set curr_wave [current_wave_config]
# if { [string length $curr_wave] == 0 } {
#   if { [llength [get_objects]] > 0} {
#     add_wave /
#     set_property needs_save false [current_wave_config]
#   } else {
#      send_msg_id Add_Wave-1 WARNING "No top level signals found. Simulator will start without a wave window. If you want to open a wave window go to 'File->New Waveform Configuration' or type 'create_wave_config' in the TCL console."
#   }
# }
# run 1000ns
INFO: [USF-XSim-96] XSim completed. Design snapshot 'Basic_tb_behav' loaded.
INFO: [USF-XSim-97] XSim simulation ran for 1000ns
launch_simulation: Time (s): cpu = 00:00:11 ; elapsed = 00:00:27 . Memory (MB): peak = 711.301 ; gain = 14.957
